Flow report for rle_interface
Thu May 08 22:44:05 2014
Quartus II 32-bit Version 12.0 Build 263 08/02/2012 Service Pack 2 SJ Full Version


---------------------
; Table of Contents ;
---------------------
  1. Legal Notice
  2. Flow Summary
  3. Flow Settings
  4. Flow Non-Default Global Settings
  5. Flow Elapsed Time
  6. Flow OS Summary
  7. Flow Log



----------------
; Legal Notice ;
----------------
Copyright (C) 1991-2012 Altera Corporation
Your use of Altera Corporation's design tools, logic functions 
and other software and tools, and its AMPP partner logic 
functions, and any output files from any of the foregoing 
(including device programming or simulation files), and any 
associated documentation or information are expressly subject 
to the terms and conditions of the Altera Program License 
Subscription Agreement, Altera MegaCore Function License 
Agreement, or other applicable license agreement, including, 
without limitation, that your use is for the sole purpose of 
programming logic devices manufactured by Altera and sold by 
Altera or its authorized distributors.  Please refer to the 
applicable agreement for further details.



+------------------------------------------------------------------------------------+
; Flow Summary                                                                       ;
+-----------------------------------+------------------------------------------------+
; Flow Status                       ; Successful - Thu May 08 22:43:53 2014          ;
; Quartus II 32-bit Version         ; 12.0 Build 263 08/02/2012 SP 2 SJ Full Version ;
; Revision Name                     ; rle_interface                                  ;
; Top-level Entity Name             ; rle                                            ;
; Family                            ; Arria II GX                                    ;
; Device                            ; EP2AGX45DF29I5                                 ;
; Timing Models                     ; Final                                          ;
; Logic utilization                 ; < 1 %                                          ;
;     Combinational ALUTs           ; 202 / 36,100 ( < 1 % )                         ;
;     Memory ALUTs                  ; 0 / 18,050 ( 0 % )                             ;
;     Dedicated logic registers     ; 133 / 36,100 ( < 1 % )                         ;
; Total registers                   ; 133                                            ;
; Total pins                        ; 214 / 404 ( 53 % )                             ;
; Total virtual pins                ; 0                                              ;
; Total block memory bits           ; 0 / 2,939,904 ( 0 % )                          ;
; DSP block 18-bit elements         ; 0 / 232 ( 0 % )                                ;
; Total GXB Receiver Channel PCS    ; 0 / 8 ( 0 % )                                  ;
; Total GXB Receiver Channel PMA    ; 0 / 8 ( 0 % )                                  ;
; Total GXB Transmitter Channel PCS ; 0 / 8 ( 0 % )                                  ;
; Total GXB Transmitter Channel PMA ; 0 / 8 ( 0 % )                                  ;
; Total PLLs                        ; 0 / 4 ( 0 % )                                  ;
; Total DLLs                        ; 0 / 2 ( 0 % )                                  ;
+-----------------------------------+------------------------------------------------+


+-----------------------------------------+
; Flow Settings                           ;
+-------------------+---------------------+
; Option            ; Setting             ;
+-------------------+---------------------+
; Start date & time ; 05/08/2014 22:43:27 ;
; Main task         ; Compilation         ;
; Revision Name     ; rle_interface       ;
+-------------------+---------------------+


+---------------------------------------------------------------------------------------------------------------------+
; Flow Non-Default Global Settings                                                                                    ;
+-------------------------------------+--------------------------------+---------------+-------------+----------------+
; Assignment Name                     ; Value                          ; Default Value ; Entity Name ; Section Id     ;
+-------------------------------------+--------------------------------+---------------+-------------+----------------+
; COMPILER_SIGNATURE_ID               ; 48549626185795.139961420714920 ; --            ; --          ; --             ;
; EDA_OUTPUT_DATA_FORMAT              ; Verilog Hdl                    ; --            ; --          ; eda_simulation ;
; EDA_SIMULATION_TOOL                 ; ModelSim-Altera (Verilog)      ; <None>        ; --          ; --             ;
; MAX_CORE_JUNCTION_TEMP              ; 100                            ; --            ; --          ; --             ;
; MIN_CORE_JUNCTION_TEMP              ; -40                            ; --            ; --          ; --             ;
; PARTITION_COLOR                     ; 16764057                       ; --            ; rle         ; Top            ;
; PARTITION_FITTER_PRESERVATION_LEVEL ; PLACEMENT_AND_ROUTING          ; --            ; rle         ; Top            ;
; PARTITION_NETLIST_TYPE              ; SOURCE                         ; --            ; rle         ; Top            ;
; PROJECT_OUTPUT_DIRECTORY            ; output_files                   ; --            ; --          ; --             ;
; TOP_LEVEL_ENTITY                    ; rle                            ; rle_interface ; --          ; --             ;
+-------------------------------------+--------------------------------+---------------+-------------+----------------+


+-------------------------------------------------------------------------------------------------------------------------------+
; Flow Elapsed Time                                                                                                             ;
+---------------------------+--------------+-------------------------+---------------------+------------------------------------+
; Module Name               ; Elapsed Time ; Average Processors Used ; Peak Virtual Memory ; Total CPU Time (on all processors) ;
+---------------------------+--------------+-------------------------+---------------------+------------------------------------+
; Analysis & Synthesis      ; 00:00:02     ; 1.0                     ; 342 MB              ; 00:00:02                           ;
; Fitter                    ; 00:00:22     ; 2.2                     ; 752 MB              ; 00:00:25                           ;
; TimeQuest Timing Analyzer ; 00:00:10     ; 1.0                     ; 445 MB              ; 00:00:06                           ;
; Total                     ; 00:00:34     ; --                      ; --                  ; 00:00:33                           ;
+---------------------------+--------------+-------------------------+---------------------+------------------------------------+


+----------------------------------------------------------------------------------------+
; Flow OS Summary                                                                        ;
+---------------------------+------------------+-----------+------------+----------------+
; Module Name               ; Machine Hostname ; OS Name   ; OS Version ; Processor type ;
+---------------------------+------------------+-----------+------------+----------------+
; Analysis & Synthesis      ; ACS-CSEB270-30   ; Windows 7 ; 6.1        ; i686           ;
; Fitter                    ; ACS-CSEB270-30   ; Windows 7 ; 6.1        ; i686           ;
; TimeQuest Timing Analyzer ; ACS-CSEB270-30   ; Windows 7 ; 6.1        ; i686           ;
+---------------------------+------------------+-----------+------------+----------------+


------------
; Flow Log ;
------------
quartus_map --read_settings_files=on --write_settings_files=off rle_minimal -c rle_interface
quartus_fit --read_settings_files=off --write_settings_files=off rle_minimal -c rle_interface
quartus_sta rle_minimal -c rle_interface



