Analysis & Synthesis report for rle_interface
Thu May 08 22:43:30 2014
Quartus II 32-bit Version 12.0 Build 263 08/02/2012 Service Pack 2 SJ Full Version


---------------------
; Table of Contents ;
---------------------
  1. Legal Notice
  2. Analysis & Synthesis Summary
  3. Analysis & Synthesis Settings
  4. Parallel Compilation
  5. Analysis & Synthesis Source Files Read
  6. Analysis & Synthesis Resource Usage Summary
  7. Analysis & Synthesis Resource Utilization by Entity
  8. State Machine - |rle|state
  9. Registers Removed During Synthesis
 10. General Register Statistics
 11. Multiplexer Restructuring Statistics (Restructuring Performed)
 12. Parameter Settings for User Entity Instance: Top-level Entity: |rle
 13. Elapsed Time Per Partition
 14. Analysis & Synthesis Messages
 15. Analysis & Synthesis Suppressed Messages



----------------
; Legal Notice ;
----------------
Copyright (C) 1991-2012 Altera Corporation
Your use of Altera Corporation's design tools, logic functions 
and other software and tools, and its AMPP partner logic 
functions, and any output files from any of the foregoing 
(including device programming or simulation files), and any 
associated documentation or information are expressly subject 
to the terms and conditions of the Altera Program License 
Subscription Agreement, Altera MegaCore Function License 
Agreement, or other applicable license agreement, including, 
without limitation, that your use is for the sole purpose of 
programming logic devices manufactured by Altera and sold by 
Altera or its authorized distributors.  Please refer to the 
applicable agreement for further details.



+------------------------------------------------------------------------------------+
; Analysis & Synthesis Summary                                                       ;
+-----------------------------------+------------------------------------------------+
; Analysis & Synthesis Status       ; Successful - Thu May 08 22:43:30 2014          ;
; Quartus II 32-bit Version         ; 12.0 Build 263 08/02/2012 SP 2 SJ Full Version ;
; Revision Name                     ; rle_interface                                  ;
; Top-level Entity Name             ; rle                                            ;
; Family                            ; Arria II GX                                    ;
; Logic utilization                 ; N/A                                            ;
;     Combinational ALUTs           ; 200                                            ;
;     Memory ALUTs                  ; 0                                              ;
;     Dedicated logic registers     ; 133                                            ;
; Total registers                   ; 133                                            ;
; Total pins                        ; 214                                            ;
; Total virtual pins                ; 0                                              ;
; Total block memory bits           ; 0                                              ;
; DSP block 18-bit elements         ; 0                                              ;
; Total GXB Receiver Channel PCS    ; 0                                              ;
; Total GXB Receiver Channel PMA    ; 0                                              ;
; Total GXB Transmitter Channel PCS ; 0                                              ;
; Total GXB Transmitter Channel PMA ; 0                                              ;
; Total PLLs                        ; 0                                              ;
; Total DLLs                        ; 0                                              ;
+-----------------------------------+------------------------------------------------+


+---------------------------------------------------------------------------------------------------------------------------+
; Analysis & Synthesis Settings                                                                                             ;
+---------------------------------------------------------------------------------+--------------------+--------------------+
; Option                                                                          ; Setting            ; Default Value      ;
+---------------------------------------------------------------------------------+--------------------+--------------------+
; Device                                                                          ; EP2AGX45DF29I5     ;                    ;
; Top-level entity name                                                           ; rle                ; rle_interface      ;
; Family name                                                                     ; Arria II GX        ; Cyclone IV GX      ;
; Use smart compilation                                                           ; Off                ; Off                ;
; Enable parallel Assembler and TimeQuest Timing Analyzer during compilation      ; On                 ; On                 ;
; Enable compact report table                                                     ; Off                ; Off                ;
; Restructure Multiplexers                                                        ; Auto               ; Auto               ;
; MLAB Add Timing Constraints For Mixed-Port Feed-Through Mode Setting Don't Care ; Off                ; Off                ;
; Create Debugging Nodes for IP Cores                                             ; Off                ; Off                ;
; Preserve fewer node names                                                       ; On                 ; On                 ;
; Disable OpenCore Plus hardware evaluation                                       ; Off                ; Off                ;
; Verilog Version                                                                 ; Verilog_2001       ; Verilog_2001       ;
; VHDL Version                                                                    ; VHDL_1993          ; VHDL_1993          ;
; State Machine Processing                                                        ; Auto               ; Auto               ;
; Safe State Machine                                                              ; Off                ; Off                ;
; Extract Verilog State Machines                                                  ; On                 ; On                 ;
; Extract VHDL State Machines                                                     ; On                 ; On                 ;
; Ignore Verilog initial constructs                                               ; Off                ; Off                ;
; Iteration limit for constant Verilog loops                                      ; 5000               ; 5000               ;
; Iteration limit for non-constant Verilog loops                                  ; 250                ; 250                ;
; Add Pass-Through Logic to Inferred RAMs                                         ; On                 ; On                 ;
; Infer RAMs from Raw Logic                                                       ; On                 ; On                 ;
; Parallel Synthesis                                                              ; On                 ; On                 ;
; DSP Block Balancing                                                             ; Auto               ; Auto               ;
; NOT Gate Push-Back                                                              ; On                 ; On                 ;
; Power-Up Don't Care                                                             ; On                 ; On                 ;
; Remove Redundant Logic Cells                                                    ; Off                ; Off                ;
; Remove Duplicate Registers                                                      ; On                 ; On                 ;
; Ignore CARRY Buffers                                                            ; Off                ; Off                ;
; Ignore CASCADE Buffers                                                          ; Off                ; Off                ;
; Ignore GLOBAL Buffers                                                           ; Off                ; Off                ;
; Ignore ROW GLOBAL Buffers                                                       ; Off                ; Off                ;
; Ignore LCELL Buffers                                                            ; Off                ; Off                ;
; Ignore SOFT Buffers                                                             ; On                 ; On                 ;
; Limit AHDL Integers to 32 Bits                                                  ; Off                ; Off                ;
; Optimization Technique                                                          ; Balanced           ; Balanced           ;
; Carry Chain Length                                                              ; 70                 ; 70                 ;
; Auto Carry Chains                                                               ; On                 ; On                 ;
; Auto Open-Drain Pins                                                            ; On                 ; On                 ;
; Perform WYSIWYG Primitive Resynthesis                                           ; Off                ; Off                ;
; Auto ROM Replacement                                                            ; On                 ; On                 ;
; Auto RAM Replacement                                                            ; On                 ; On                 ;
; Auto DSP Block Replacement                                                      ; On                 ; On                 ;
; Auto Shift Register Replacement                                                 ; Auto               ; Auto               ;
; Allow Shift Register Merging across Hierarchies                                 ; Auto               ; Auto               ;
; Auto Clock Enable Replacement                                                   ; On                 ; On                 ;
; Strict RAM Replacement                                                          ; Off                ; Off                ;
; Allow Synchronous Control Signals                                               ; On                 ; On                 ;
; Force Use of Synchronous Clear Signals                                          ; Off                ; Off                ;
; Auto RAM Block Balancing                                                        ; On                 ; On                 ;
; Auto RAM to Logic Cell Conversion                                               ; Off                ; Off                ;
; Auto Resource Sharing                                                           ; Off                ; Off                ;
; Allow Any RAM Size For Recognition                                              ; Off                ; Off                ;
; Allow Any ROM Size For Recognition                                              ; Off                ; Off                ;
; Allow Any Shift Register Size For Recognition                                   ; Off                ; Off                ;
; Use LogicLock Constraints during Resource Balancing                             ; On                 ; On                 ;
; Ignore translate_off and synthesis_off directives                               ; Off                ; Off                ;
; Timing-Driven Synthesis                                                         ; On                 ; On                 ;
; Report Parameter Settings                                                       ; On                 ; On                 ;
; Report Source Assignments                                                       ; On                 ; On                 ;
; Report Connectivity Checks                                                      ; On                 ; On                 ;
; Ignore Maximum Fan-Out Assignments                                              ; Off                ; Off                ;
; Synchronization Register Chain Length                                           ; 3                  ; 3                  ;
; PowerPlay Power Optimization                                                    ; Normal compilation ; Normal compilation ;
; HDL message level                                                               ; Level2             ; Level2             ;
; Suppress Register Optimization Related Messages                                 ; Off                ; Off                ;
; Number of Removed Registers Reported in Synthesis Report                        ; 5000               ; 5000               ;
; Number of Swept Nodes Reported in Synthesis Report                              ; 5000               ; 5000               ;
; Number of Inverted Registers Reported in Synthesis Report                       ; 100                ; 100                ;
; Clock MUX Protection                                                            ; On                 ; On                 ;
; Auto Gated Clock Conversion                                                     ; Off                ; Off                ;
; Block Design Naming                                                             ; Auto               ; Auto               ;
; SDC constraint protection                                                       ; Off                ; Off                ;
; Synthesis Effort                                                                ; Auto               ; Auto               ;
; Shift Register Replacement - Allow Asynchronous Clear Signal                    ; On                 ; On                 ;
; Analysis & Synthesis Message Level                                              ; Medium             ; Medium             ;
; Disable Register Merging Across Hierarchies                                     ; Auto               ; Auto               ;
; Resource Aware Inference For Block RAM                                          ; On                 ; On                 ;
; Synthesis Seed                                                                  ; 1                  ; 1                  ;
+---------------------------------------------------------------------------------+--------------------+--------------------+


+------------------------------------------+
; Parallel Compilation                     ;
+----------------------------+-------------+
; Processors                 ; Number      ;
+----------------------------+-------------+
; Number detected on machine ; 4           ;
; Maximum allowed            ; 4           ;
;                            ;             ;
; Average used               ; 1.00        ;
; Maximum used               ; 1           ;
;                            ;             ;
; Usage by Processor         ; % Time Used ;
;     1 processor            ; 100.0%      ;
;     2-4 processors         ;   0.0%      ;
+----------------------------+-------------+


+-----------------------------------------------------------------------------------------------------------------------------------------------------+
; Analysis & Synthesis Source Files Read                                                                                                              ;
+----------------------------------+-----------------+------------------------+-------------------------------------------------------------+---------+
; File Name with User-Entered Path ; Used in Netlist ; File Type              ; File Name with Absolute Path                                ; Library ;
+----------------------------------+-----------------+------------------------+-------------------------------------------------------------+---------+
; rle_interface.v                  ; yes             ; User Verilog HDL File  ; C:/Users/rbull/Desktop/ECE111_Proj2_minimal/rle_interface.v ;         ;
+----------------------------------+-----------------+------------------------+-------------------------------------------------------------+---------+


+-----------------------------------------------------------+
; Analysis & Synthesis Resource Usage Summary               ;
+-----------------------------------------------+-----------+
; Resource                                      ; Usage     ;
+-----------------------------------------------+-----------+
; Estimated ALUTs Used                          ; 200       ;
;     -- Combinational ALUTs                    ; 200       ;
;     -- Memory ALUTs                           ; 0         ;
;     -- LUT_REGs                               ; 0         ;
; Dedicated logic registers                     ; 133       ;
;                                               ;           ;
; Estimated ALUTs Unavailable                   ; 2         ;
;     -- Due to unpartnered combinational logic ; 2         ;
;     -- Due to Memory ALUTs                    ; 0         ;
;                                               ;           ;
; Total combinational functions                 ; 200       ;
; Combinational ALUT usage by number of inputs  ;           ;
;     -- 7 input functions                      ; 0         ;
;     -- 6 input functions                      ; 23        ;
;     -- 5 input functions                      ; 34        ;
;     -- 4 input functions                      ; 39        ;
;     -- <=3 input functions                    ; 104       ;
;                                               ;           ;
; Combinational ALUTs by mode                   ;           ;
;     -- normal mode                            ; 121       ;
;     -- extended LUT mode                      ; 0         ;
;     -- arithmetic mode                        ; 79        ;
;     -- shared arithmetic mode                 ; 0         ;
;                                               ;           ;
; Estimated ALUT/register pairs used            ; 251       ;
;                                               ;           ;
; Total registers                               ; 133       ;
;     -- Dedicated logic registers              ; 133       ;
;     -- I/O registers                          ; 0         ;
;     -- LUT_REGs                               ; 0         ;
;                                               ;           ;
;                                               ;           ;
; I/O pins                                      ; 214       ;
; Maximum fan-out node                          ; clk~input ;
; Maximum fan-out                               ; 134       ;
; Total fan-out                                 ; 1541      ;
; Average fan-out                               ; 2.02      ;
+-----------------------------------------------+-----------+


+-----------------------------------------------------------------------------------------------------------------------------------------------------------------------------------------------------------+
; Analysis & Synthesis Resource Utilization by Entity                                                                                                                                                       ;
+----------------------------+-------------------+--------------+-------------------+--------------+---------+-----------+-----------+-----------+------+--------------+---------------------+--------------+
; Compilation Hierarchy Node ; LC Combinationals ; LC Registers ; Block Memory Bits ; DSP Elements ; DSP 9x9 ; DSP 12x12 ; DSP 18x18 ; DSP 36x36 ; Pins ; Virtual Pins ; Full Hierarchy Name ; Library Name ;
+----------------------------+-------------------+--------------+-------------------+--------------+---------+-----------+-----------+-----------+------+--------------+---------------------+--------------+
; |rle                       ; 200 (200)         ; 133 (133)    ; 0                 ; 0            ; 0       ; 0         ; 0         ; 0         ; 214  ; 0            ; |rle                ;              ;
+----------------------------+-------------------+--------------+-------------------+--------------+---------+-----------+-----------+-----------+------+--------------+---------------------+--------------+
Note: For table entries with two numbers listed, the numbers in parentheses indicate the number of resources of the given type used by the specific entity alone. The numbers listed outside of parentheses indicate the total resources of the given type used by the specific entity and all of its sub-entities in the hierarchy.


Encoding Type:  One-Hot
+------------------------------------------------------+
; State Machine - |rle|state                           ;
+----------+----------+----------+----------+----------+
; Name     ; state.11 ; state.10 ; state.00 ; state.01 ;
+----------+----------+----------+----------+----------+
; state.01 ; 0        ; 0        ; 0        ; 0        ;
; state.00 ; 0        ; 0        ; 1        ; 1        ;
; state.10 ; 0        ; 1        ; 0        ; 1        ;
; state.11 ; 1        ; 0        ; 0        ; 1        ;
+----------+----------+----------+----------+----------+


+--------------------------------------------------------------------------------+
; Registers Removed During Synthesis                                             ;
+---------------------------------------+----------------------------------------+
; Register name                         ; Reason for Removal                     ;
+---------------------------------------+----------------------------------------+
; rlesz[0]                              ; Stuck at GND due to stuck port data_in ;
; write_offset[0,1]                     ; Stuck at GND due to stuck port data_in ;
; read_offset[0,1]                      ; Stuck at GND due to stuck port data_in ;
; state.00                              ; Lost fanout                            ;
; state~3                               ; Lost fanout                            ;
; state~4                               ; Lost fanout                            ;
; Total Number of Removed Registers = 8 ;                                        ;
+---------------------------------------+----------------------------------------+


+------------------------------------------------------+
; General Register Statistics                          ;
+----------------------------------------------+-------+
; Statistic                                    ; Value ;
+----------------------------------------------+-------+
; Total registers                              ; 133   ;
; Number of registers using Synchronous Clear  ; 98    ;
; Number of registers using Synchronous Load   ; 32    ;
; Number of registers using Asynchronous Clear ; 0     ;
; Number of registers using Asynchronous Load  ; 0     ;
; Number of registers using Clock Enable       ; 125   ;
; Number of registers using Preset             ; 0     ;
+----------------------------------------------+-------+


+----------------------------------------------------------------------------------------------------------------------------------------------------+
; Multiplexer Restructuring Statistics (Restructuring Performed)                                                                                     ;
+--------------------+-----------+---------------+----------------------+------------------------+----------------------+----------------------------+
; Multiplexer Inputs ; Bus Width ; Baseline Area ; Area if Restructured ; Saving if Restructured ; Registered           ; Example Multiplexer Output ;
+--------------------+-----------+---------------+----------------------+------------------------+----------------------+----------------------------+
; 3:1                ; 14 bits   ; 28 ALUTs      ; 0 ALUTs              ; 28 ALUTs               ; |rle|read_offset[8]  ;                            ;
; 4:1                ; 14 bits   ; 28 ALUTs      ; 0 ALUTs              ; 28 ALUTs               ; |rle|write_offset[5] ;                            ;
; 5:1                ; 8 bits    ; 24 ALUTs      ; 0 ALUTs              ; 24 ALUTs               ; |rle|datain[31]      ;                            ;
; 5:1                ; 24 bits   ; 72 ALUTs      ; 0 ALUTs              ; 72 ALUTs               ; |rle|datain[4]       ;                            ;
; 7:1                ; 8 bits    ; 32 ALUTs      ; 8 ALUTs              ; 24 ALUTs               ; |rle|butter[16]      ;                            ;
; 7:1                ; 8 bits    ; 32 ALUTs      ; 0 ALUTs              ; 32 ALUTs               ; |rle|butter[30]      ;                            ;
; 8:1                ; 8 bits    ; 40 ALUTs      ; 0 ALUTs              ; 40 ALUTs               ; |rle|lastval[1]      ;                            ;
; 8:1                ; 14 bits   ; 70 ALUTs      ; 14 ALUTs             ; 56 ALUTs               ; |rle|rlesz[15]       ;                            ;
; 8:1                ; 8 bits    ; 40 ALUTs      ; 8 ALUTs              ; 32 ALUTs               ; |rle|lastrun[5]      ;                            ;
; 9:1                ; 16 bits   ; 96 ALUTs      ; 0 ALUTs              ; 96 ALUTs               ; |rle|butter[4]       ;                            ;
; 10:1               ; 2 bits    ; 12 ALUTs      ; 6 ALUTs              ; 6 ALUTs                ; |rle|input_offset[0] ;                            ;
+--------------------+-----------+---------------+----------------------+------------------------+----------------------+----------------------------+


+---------------------------------------------------------------------+
; Parameter Settings for User Entity Instance: Top-level Entity: |rle ;
+----------------+-------+--------------------------------------------+
; Parameter Name ; Value ; Type                                       ;
+----------------+-------+--------------------------------------------+
; starting       ; 00    ; Unsigned Binary                            ;
; reading        ; 01    ; Unsigned Binary                            ;
; writing        ; 10    ; Unsigned Binary                            ;
; working        ; 11    ; Unsigned Binary                            ;
+----------------+-------+--------------------------------------------+
Note: In order to hide this table in the UI and the text report file, please set the "Show Parameter Settings in Synthesis Report" option in "Analysis and Synthesis Settings -> More Settings" to "Off".


+-------------------------------+
; Elapsed Time Per Partition    ;
+----------------+--------------+
; Partition Name ; Elapsed Time ;
+----------------+--------------+
; Top            ; 00:00:01     ;
+----------------+--------------+


+-------------------------------+
; Analysis & Synthesis Messages ;
+-------------------------------+
Info: *******************************************************************
Info: Running Quartus II 32-bit Analysis & Synthesis
    Info: Version 12.0 Build 263 08/02/2012 Service Pack 2 SJ Full Version
    Info: Processing started: Thu May 08 22:43:27 2014
Info: Command: quartus_map --read_settings_files=on --write_settings_files=off rle_minimal -c rle_interface
Info (20030): Parallel compilation is enabled and will use 4 of the 4 processors detected
Info (12021): Found 1 design units, including 1 entities, in source file rle_interface.v
    Info (12023): Found entity 1: rle
Info (12127): Elaborating entity "rle" for the top level hierarchy
Warning (10230): Verilog HDL assignment warning at rle_interface.v(98): truncated value with size 32 to match size of target (16)
Warning (10230): Verilog HDL assignment warning at rle_interface.v(113): truncated value with size 32 to match size of target (16)
Warning (10230): Verilog HDL assignment warning at rle_interface.v(133): truncated value with size 32 to match size of target (8)
Warning (10230): Verilog HDL assignment warning at rle_interface.v(142): truncated value with size 32 to match size of target (16)
Warning (10230): Verilog HDL assignment warning at rle_interface.v(153): truncated value with size 32 to match size of target (16)
Warning (10230): Verilog HDL assignment warning at rle_interface.v(161): truncated value with size 32 to match size of target (16)
Warning (10230): Verilog HDL assignment warning at rle_interface.v(165): truncated value with size 32 to match size of target (8)
Warning (10230): Verilog HDL assignment warning at rle_interface.v(173): truncated value with size 32 to match size of target (2)
Warning (10230): Verilog HDL assignment warning at rle_interface.v(205): truncated value with size 32 to match size of target (1)
Warning (10230): Verilog HDL assignment warning at rle_interface.v(206): truncated value with size 32 to match size of target (16)
Warning (13024): Output pins are stuck at VCC or GND
    Warning (13410): Pin "rle_size[0]" is stuck at GND
    Warning (13410): Pin "rle_size[16]" is stuck at GND
    Warning (13410): Pin "rle_size[17]" is stuck at GND
    Warning (13410): Pin "rle_size[18]" is stuck at GND
    Warning (13410): Pin "rle_size[19]" is stuck at GND
    Warning (13410): Pin "rle_size[20]" is stuck at GND
    Warning (13410): Pin "rle_size[21]" is stuck at GND
    Warning (13410): Pin "rle_size[22]" is stuck at GND
    Warning (13410): Pin "rle_size[23]" is stuck at GND
    Warning (13410): Pin "rle_size[24]" is stuck at GND
    Warning (13410): Pin "rle_size[25]" is stuck at GND
    Warning (13410): Pin "rle_size[26]" is stuck at GND
    Warning (13410): Pin "rle_size[27]" is stuck at GND
    Warning (13410): Pin "rle_size[28]" is stuck at GND
    Warning (13410): Pin "rle_size[29]" is stuck at GND
    Warning (13410): Pin "rle_size[30]" is stuck at GND
    Warning (13410): Pin "rle_size[31]" is stuck at GND
Info (286030): Timing-Driven Synthesis is running
Info (17049): 3 registers lost all their fanouts during netlist optimizations.
Info (144001): Generated suppressed messages file C:/Users/rbull/Desktop/ECE111_Proj2_minimal/output_files/rle_interface.map.smsg
Info (16010): Generating hard_block partition "hard_block:auto_generated_inst"
    Info (16011): Adding 0 node(s), including 0 DDIO, 0 PLL, 0 transceiver and 0 LCELL
Warning (21074): Design contains 32 input pin(s) that do not drive logic
    Warning (15610): No output dependent on input pin "message_addr[16]"
    Warning (15610): No output dependent on input pin "message_addr[17]"
    Warning (15610): No output dependent on input pin "message_addr[18]"
    Warning (15610): No output dependent on input pin "message_addr[19]"
    Warning (15610): No output dependent on input pin "message_addr[20]"
    Warning (15610): No output dependent on input pin "message_addr[21]"
    Warning (15610): No output dependent on input pin "message_addr[22]"
    Warning (15610): No output dependent on input pin "message_addr[23]"
    Warning (15610): No output dependent on input pin "message_addr[24]"
    Warning (15610): No output dependent on input pin "message_addr[25]"
    Warning (15610): No output dependent on input pin "message_addr[26]"
    Warning (15610): No output dependent on input pin "message_addr[27]"
    Warning (15610): No output dependent on input pin "message_addr[28]"
    Warning (15610): No output dependent on input pin "message_addr[29]"
    Warning (15610): No output dependent on input pin "message_addr[30]"
    Warning (15610): No output dependent on input pin "message_addr[31]"
    Warning (15610): No output dependent on input pin "rle_addr[16]"
    Warning (15610): No output dependent on input pin "rle_addr[17]"
    Warning (15610): No output dependent on input pin "rle_addr[18]"
    Warning (15610): No output dependent on input pin "rle_addr[19]"
    Warning (15610): No output dependent on input pin "rle_addr[20]"
    Warning (15610): No output dependent on input pin "rle_addr[21]"
    Warning (15610): No output dependent on input pin "rle_addr[22]"
    Warning (15610): No output dependent on input pin "rle_addr[23]"
    Warning (15610): No output dependent on input pin "rle_addr[24]"
    Warning (15610): No output dependent on input pin "rle_addr[25]"
    Warning (15610): No output dependent on input pin "rle_addr[26]"
    Warning (15610): No output dependent on input pin "rle_addr[27]"
    Warning (15610): No output dependent on input pin "rle_addr[28]"
    Warning (15610): No output dependent on input pin "rle_addr[29]"
    Warning (15610): No output dependent on input pin "rle_addr[30]"
    Warning (15610): No output dependent on input pin "rle_addr[31]"
Info (21057): Implemented 470 device resources after synthesis - the final resource count might be different
    Info (21058): Implemented 131 input pins
    Info (21059): Implemented 83 output pins
    Info (21061): Implemented 256 logic cells
Info: Quartus II 32-bit Analysis & Synthesis was successful. 0 errors, 61 warnings
    Info: Peak virtual memory: 346 megabytes
    Info: Processing ended: Thu May 08 22:43:30 2014
    Info: Elapsed time: 00:00:03
    Info: Total CPU time (on all processors): 00:00:02


+------------------------------------------+
; Analysis & Synthesis Suppressed Messages ;
+------------------------------------------+
The suppressed messages can be found in C:/Users/rbull/Desktop/ECE111_Proj2_minimal/output_files/rle_interface.map.smsg.


