Slow 900mV -40C Model report for rle_interface
Thu May 08 23:03:16 2014
Quartus II 32-bit Version 12.0 Build 263 08/02/2012 Service Pack 2 SJ Full Version


---------------------
; Table of Contents ;
---------------------
  1. Legal Notice
  2. Slow 900mV -40C Model Fmax Summary
  3. Slow 900mV -40C Model Setup Summary
  4. Slow 900mV -40C Model Hold Summary
  5. Slow 900mV -40C Model Recovery Summary
  6. Slow 900mV -40C Model Removal Summary
  7. Slow 900mV -40C Model Minimum Pulse Width Summary
  8. Setup Times
  9. Hold Times
 10. Clock to Output Times
 11. Minimum Clock to Output Times
 12. Propagation Delay
 13. Minimum Propagation Delay
 14. Slow 900mV -40C Model Metastability Report



----------------
; Legal Notice ;
----------------
Copyright (C) 1991-2012 Altera Corporation
Your use of Altera Corporation's design tools, logic functions 
and other software and tools, and its AMPP partner logic 
functions, and any output files from any of the foregoing 
(including device programming or simulation files), and any 
associated documentation or information are expressly subject 
to the terms and conditions of the Altera Program License 
Subscription Agreement, Altera MegaCore Function License 
Agreement, or other applicable license agreement, including, 
without limitation, that your use is for the sole purpose of 
programming logic devices manufactured by Altera and sold by 
Altera or its authorized distributors.  Please refer to the 
applicable agreement for further details.



+-----------------------------------------------------------------------------------------------------------+
; Slow 900mV -40C Model Fmax Summary                                                                        ;
+------------+-----------------+------------+---------------------------------------------------------------+
; Fmax       ; Restricted Fmax ; Clock Name ; Note                                                          ;
+------------+-----------------+------------+---------------------------------------------------------------+
; 302.94 MHz ; 260.01 MHz      ; clk        ; limit due to minimum period restriction (max I/O toggle rate) ;
+------------+-----------------+------------+---------------------------------------------------------------+
This panel reports FMAX for every clock in the design, regardless of the user-specified clock periods.  FMAX is only computed for paths where the source and destination registers or ports are driven by the same clock.  Paths of different clocks, including generated clocks, are ignored.  For paths between a clock and its inversion, FMAX is computed as if the rising and falling edges are scaled along with FMAX, such that the duty cycle (in terms of a percentage) is maintained. Altera recommends that you always use clock constraints and other slack reports for sign-off analysis.


+-------------------------------------+
; Slow 900mV -40C Model Setup Summary ;
+-------+--------+--------------------+
; Clock ; Slack  ; End Point TNS      ;
+-------+--------+--------------------+
; clk   ; -2.301 ; -235.422           ;
+-------+--------+--------------------+


+------------------------------------+
; Slow 900mV -40C Model Hold Summary ;
+-------+-------+--------------------+
; Clock ; Slack ; End Point TNS      ;
+-------+-------+--------------------+
; clk   ; 0.257 ; 0.000              ;
+-------+-------+--------------------+


------------------------------------------
; Slow 900mV -40C Model Recovery Summary ;
------------------------------------------
No paths to report.


-----------------------------------------
; Slow 900mV -40C Model Removal Summary ;
-----------------------------------------
No paths to report.


+---------------------------------------------------+
; Slow 900mV -40C Model Minimum Pulse Width Summary ;
+-------+--------+----------------------------------+
; Clock ; Slack  ; End Point TNS                    ;
+-------+--------+----------------------------------+
; clk   ; -2.846 ; -216.230                         ;
+-------+--------+----------------------------------+


+----------------------------------------------------------------------------------+
; Setup Times                                                                      ;
+----------------------+------------+-------+-------+------------+-----------------+
; Data Port            ; Clock Port ; Rise  ; Fall  ; Clock Edge ; Clock Reference ;
+----------------------+------------+-------+-------+------------+-----------------+
; message_size[*]      ; clk        ; 8.883 ; 9.294 ; Rise       ; clk             ;
;  message_size[0]     ; clk        ; 5.563 ; 5.570 ; Rise       ; clk             ;
;  message_size[1]     ; clk        ; 5.357 ; 5.340 ; Rise       ; clk             ;
;  message_size[2]     ; clk        ; 5.357 ; 5.393 ; Rise       ; clk             ;
;  message_size[3]     ; clk        ; 5.735 ; 5.626 ; Rise       ; clk             ;
;  message_size[4]     ; clk        ; 5.832 ; 5.739 ; Rise       ; clk             ;
;  message_size[5]     ; clk        ; 5.117 ; 5.153 ; Rise       ; clk             ;
;  message_size[6]     ; clk        ; 5.248 ; 5.163 ; Rise       ; clk             ;
;  message_size[7]     ; clk        ; 4.615 ; 4.699 ; Rise       ; clk             ;
;  message_size[8]     ; clk        ; 5.564 ; 5.614 ; Rise       ; clk             ;
;  message_size[9]     ; clk        ; 5.654 ; 5.645 ; Rise       ; clk             ;
;  message_size[10]    ; clk        ; 4.615 ; 4.674 ; Rise       ; clk             ;
;  message_size[11]    ; clk        ; 5.637 ; 5.546 ; Rise       ; clk             ;
;  message_size[12]    ; clk        ; 4.785 ; 4.909 ; Rise       ; clk             ;
;  message_size[13]    ; clk        ; 5.449 ; 5.376 ; Rise       ; clk             ;
;  message_size[14]    ; clk        ; 5.432 ; 5.464 ; Rise       ; clk             ;
;  message_size[15]    ; clk        ; 5.146 ; 5.212 ; Rise       ; clk             ;
;  message_size[16]    ; clk        ; 8.717 ; 9.179 ; Rise       ; clk             ;
;  message_size[17]    ; clk        ; 8.883 ; 9.294 ; Rise       ; clk             ;
;  message_size[18]    ; clk        ; 8.692 ; 9.139 ; Rise       ; clk             ;
;  message_size[19]    ; clk        ; 8.360 ; 8.825 ; Rise       ; clk             ;
;  message_size[20]    ; clk        ; 8.375 ; 8.880 ; Rise       ; clk             ;
;  message_size[21]    ; clk        ; 5.002 ; 5.101 ; Rise       ; clk             ;
;  message_size[22]    ; clk        ; 7.790 ; 8.266 ; Rise       ; clk             ;
;  message_size[23]    ; clk        ; 7.907 ; 8.322 ; Rise       ; clk             ;
;  message_size[24]    ; clk        ; 8.120 ; 8.481 ; Rise       ; clk             ;
;  message_size[25]    ; clk        ; 7.595 ; 8.013 ; Rise       ; clk             ;
;  message_size[26]    ; clk        ; 7.756 ; 8.203 ; Rise       ; clk             ;
;  message_size[27]    ; clk        ; 5.317 ; 5.365 ; Rise       ; clk             ;
;  message_size[28]    ; clk        ; 5.305 ; 5.578 ; Rise       ; clk             ;
;  message_size[29]    ; clk        ; 8.047 ; 8.435 ; Rise       ; clk             ;
;  message_size[30]    ; clk        ; 5.512 ; 5.841 ; Rise       ; clk             ;
;  message_size[31]    ; clk        ; 5.600 ; 5.798 ; Rise       ; clk             ;
; nreset               ; clk        ; 5.090 ; 5.334 ; Rise       ; clk             ;
; port_A_data_out[*]   ; clk        ; 3.172 ; 3.181 ; Rise       ; clk             ;
;  port_A_data_out[0]  ; clk        ; 3.064 ; 2.972 ; Rise       ; clk             ;
;  port_A_data_out[1]  ; clk        ; 3.099 ; 3.013 ; Rise       ; clk             ;
;  port_A_data_out[2]  ; clk        ; 2.696 ; 2.610 ; Rise       ; clk             ;
;  port_A_data_out[3]  ; clk        ; 2.995 ; 2.891 ; Rise       ; clk             ;
;  port_A_data_out[4]  ; clk        ; 2.689 ; 2.672 ; Rise       ; clk             ;
;  port_A_data_out[5]  ; clk        ; 3.130 ; 3.042 ; Rise       ; clk             ;
;  port_A_data_out[6]  ; clk        ; 3.144 ; 3.149 ; Rise       ; clk             ;
;  port_A_data_out[7]  ; clk        ; 3.108 ; 3.030 ; Rise       ; clk             ;
;  port_A_data_out[8]  ; clk        ; 2.298 ; 2.262 ; Rise       ; clk             ;
;  port_A_data_out[9]  ; clk        ; 2.352 ; 2.410 ; Rise       ; clk             ;
;  port_A_data_out[10] ; clk        ; 2.755 ; 2.702 ; Rise       ; clk             ;
;  port_A_data_out[11] ; clk        ; 2.588 ; 2.524 ; Rise       ; clk             ;
;  port_A_data_out[12] ; clk        ; 2.920 ; 2.838 ; Rise       ; clk             ;
;  port_A_data_out[13] ; clk        ; 3.038 ; 2.994 ; Rise       ; clk             ;
;  port_A_data_out[14] ; clk        ; 2.645 ; 2.641 ; Rise       ; clk             ;
;  port_A_data_out[15] ; clk        ; 2.736 ; 2.708 ; Rise       ; clk             ;
;  port_A_data_out[16] ; clk        ; 2.842 ; 2.823 ; Rise       ; clk             ;
;  port_A_data_out[17] ; clk        ; 2.897 ; 2.845 ; Rise       ; clk             ;
;  port_A_data_out[18] ; clk        ; 2.700 ; 2.618 ; Rise       ; clk             ;
;  port_A_data_out[19] ; clk        ; 2.150 ; 2.159 ; Rise       ; clk             ;
;  port_A_data_out[20] ; clk        ; 2.909 ; 2.826 ; Rise       ; clk             ;
;  port_A_data_out[21] ; clk        ; 2.895 ; 2.840 ; Rise       ; clk             ;
;  port_A_data_out[22] ; clk        ; 3.172 ; 3.181 ; Rise       ; clk             ;
;  port_A_data_out[23] ; clk        ; 2.734 ; 2.648 ; Rise       ; clk             ;
;  port_A_data_out[24] ; clk        ; 2.545 ; 2.596 ; Rise       ; clk             ;
;  port_A_data_out[25] ; clk        ; 2.319 ; 2.312 ; Rise       ; clk             ;
;  port_A_data_out[26] ; clk        ; 2.939 ; 2.927 ; Rise       ; clk             ;
;  port_A_data_out[27] ; clk        ; 2.787 ; 2.775 ; Rise       ; clk             ;
;  port_A_data_out[28] ; clk        ; 2.820 ; 2.798 ; Rise       ; clk             ;
;  port_A_data_out[29] ; clk        ; 2.890 ; 2.831 ; Rise       ; clk             ;
;  port_A_data_out[30] ; clk        ; 2.915 ; 2.931 ; Rise       ; clk             ;
;  port_A_data_out[31] ; clk        ; 3.012 ; 2.989 ; Rise       ; clk             ;
; start                ; clk        ; 5.940 ; 5.673 ; Rise       ; clk             ;
+----------------------+------------+-------+-------+------------+-----------------+


+------------------------------------------------------------------------------------+
; Hold Times                                                                         ;
+----------------------+------------+--------+--------+------------+-----------------+
; Data Port            ; Clock Port ; Rise   ; Fall   ; Clock Edge ; Clock Reference ;
+----------------------+------------+--------+--------+------------+-----------------+
; message_size[*]      ; clk        ; -2.912 ; -2.996 ; Rise       ; clk             ;
;  message_size[0]     ; clk        ; -3.998 ; -4.087 ; Rise       ; clk             ;
;  message_size[1]     ; clk        ; -3.816 ; -3.881 ; Rise       ; clk             ;
;  message_size[2]     ; clk        ; -3.815 ; -3.929 ; Rise       ; clk             ;
;  message_size[3]     ; clk        ; -4.125 ; -4.053 ; Rise       ; clk             ;
;  message_size[4]     ; clk        ; -4.207 ; -4.155 ; Rise       ; clk             ;
;  message_size[5]     ; clk        ; -3.264 ; -3.352 ; Rise       ; clk             ;
;  message_size[6]     ; clk        ; -3.322 ; -3.331 ; Rise       ; clk             ;
;  message_size[7]     ; clk        ; -2.912 ; -3.059 ; Rise       ; clk             ;
;  message_size[8]     ; clk        ; -3.653 ; -3.596 ; Rise       ; clk             ;
;  message_size[9]     ; clk        ; -3.720 ; -3.609 ; Rise       ; clk             ;
;  message_size[10]    ; clk        ; -2.983 ; -2.996 ; Rise       ; clk             ;
;  message_size[11]    ; clk        ; -3.975 ; -3.833 ; Rise       ; clk             ;
;  message_size[12]    ; clk        ; -3.081 ; -3.137 ; Rise       ; clk             ;
;  message_size[13]    ; clk        ; -3.662 ; -3.572 ; Rise       ; clk             ;
;  message_size[14]    ; clk        ; -3.685 ; -3.680 ; Rise       ; clk             ;
;  message_size[15]    ; clk        ; -3.297 ; -3.277 ; Rise       ; clk             ;
;  message_size[16]    ; clk        ; -6.934 ; -7.434 ; Rise       ; clk             ;
;  message_size[17]    ; clk        ; -7.089 ; -7.543 ; Rise       ; clk             ;
;  message_size[18]    ; clk        ; -6.825 ; -7.390 ; Rise       ; clk             ;
;  message_size[19]    ; clk        ; -6.601 ; -7.105 ; Rise       ; clk             ;
;  message_size[20]    ; clk        ; -6.608 ; -7.151 ; Rise       ; clk             ;
;  message_size[21]    ; clk        ; -3.476 ; -3.655 ; Rise       ; clk             ;
;  message_size[22]    ; clk        ; -6.061 ; -6.487 ; Rise       ; clk             ;
;  message_size[23]    ; clk        ; -6.179 ; -6.614 ; Rise       ; clk             ;
;  message_size[24]    ; clk        ; -6.382 ; -6.767 ; Rise       ; clk             ;
;  message_size[25]    ; clk        ; -5.894 ; -6.332 ; Rise       ; clk             ;
;  message_size[26]    ; clk        ; -6.022 ; -6.457 ; Rise       ; clk             ;
;  message_size[27]    ; clk        ; -3.776 ; -3.907 ; Rise       ; clk             ;
;  message_size[28]    ; clk        ; -3.752 ; -4.077 ; Rise       ; clk             ;
;  message_size[29]    ; clk        ; -6.311 ; -6.722 ; Rise       ; clk             ;
;  message_size[30]    ; clk        ; -3.932 ; -4.243 ; Rise       ; clk             ;
;  message_size[31]    ; clk        ; -4.032 ; -4.286 ; Rise       ; clk             ;
; nreset               ; clk        ; -2.670 ; -2.708 ; Rise       ; clk             ;
; port_A_data_out[*]   ; clk        ; -1.693 ; -1.707 ; Rise       ; clk             ;
;  port_A_data_out[0]  ; clk        ; -2.572 ; -2.492 ; Rise       ; clk             ;
;  port_A_data_out[1]  ; clk        ; -2.613 ; -2.538 ; Rise       ; clk             ;
;  port_A_data_out[2]  ; clk        ; -2.233 ; -2.158 ; Rise       ; clk             ;
;  port_A_data_out[3]  ; clk        ; -2.511 ; -2.420 ; Rise       ; clk             ;
;  port_A_data_out[4]  ; clk        ; -2.223 ; -2.212 ; Rise       ; clk             ;
;  port_A_data_out[5]  ; clk        ; -2.640 ; -2.563 ; Rise       ; clk             ;
;  port_A_data_out[6]  ; clk        ; -2.647 ; -2.657 ; Rise       ; clk             ;
;  port_A_data_out[7]  ; clk        ; -2.613 ; -2.547 ; Rise       ; clk             ;
;  port_A_data_out[8]  ; clk        ; -1.831 ; -1.805 ; Rise       ; clk             ;
;  port_A_data_out[9]  ; clk        ; -1.879 ; -1.939 ; Rise       ; clk             ;
;  port_A_data_out[10] ; clk        ; -2.264 ; -2.219 ; Rise       ; clk             ;
;  port_A_data_out[11] ; clk        ; -2.099 ; -2.046 ; Rise       ; clk             ;
;  port_A_data_out[12] ; clk        ; -2.437 ; -2.367 ; Rise       ; clk             ;
;  port_A_data_out[13] ; clk        ; -2.548 ; -2.514 ; Rise       ; clk             ;
;  port_A_data_out[14] ; clk        ; -2.159 ; -2.160 ; Rise       ; clk             ;
;  port_A_data_out[15] ; clk        ; -2.244 ; -2.224 ; Rise       ; clk             ;
;  port_A_data_out[16] ; clk        ; -2.342 ; -2.329 ; Rise       ; clk             ;
;  port_A_data_out[17] ; clk        ; -2.386 ; -2.345 ; Rise       ; clk             ;
;  port_A_data_out[18] ; clk        ; -2.237 ; -2.165 ; Rise       ; clk             ;
;  port_A_data_out[19] ; clk        ; -1.693 ; -1.707 ; Rise       ; clk             ;
;  port_A_data_out[20] ; clk        ; -2.433 ; -2.361 ; Rise       ; clk             ;
;  port_A_data_out[21] ; clk        ; -2.423 ; -2.378 ; Rise       ; clk             ;
;  port_A_data_out[22] ; clk        ; -2.648 ; -2.663 ; Rise       ; clk             ;
;  port_A_data_out[23] ; clk        ; -2.243 ; -2.167 ; Rise       ; clk             ;
;  port_A_data_out[24] ; clk        ; -2.092 ; -2.145 ; Rise       ; clk             ;
;  port_A_data_out[25] ; clk        ; -1.864 ; -1.856 ; Rise       ; clk             ;
;  port_A_data_out[26] ; clk        ; -2.464 ; -2.453 ; Rise       ; clk             ;
;  port_A_data_out[27] ; clk        ; -2.304 ; -2.292 ; Rise       ; clk             ;
;  port_A_data_out[28] ; clk        ; -2.357 ; -2.336 ; Rise       ; clk             ;
;  port_A_data_out[29] ; clk        ; -2.410 ; -2.360 ; Rise       ; clk             ;
;  port_A_data_out[30] ; clk        ; -2.446 ; -2.459 ; Rise       ; clk             ;
;  port_A_data_out[31] ; clk        ; -2.507 ; -2.487 ; Rise       ; clk             ;
; start                ; clk        ; -3.247 ; -3.180 ; Rise       ; clk             ;
+----------------------+------------+--------+--------+------------+-----------------+


+-----------------------------------------------------------------------------------+
; Clock to Output Times                                                             ;
+---------------------+------------+--------+--------+------------+-----------------+
; Data Port           ; Clock Port ; Rise   ; Fall   ; Clock Edge ; Clock Reference ;
+---------------------+------------+--------+--------+------------+-----------------+
; done                ; clk        ; 9.731  ; 9.572  ; Rise       ; clk             ;
; port_A_addr[*]      ; clk        ; 11.042 ; 10.899 ; Rise       ; clk             ;
;  port_A_addr[0]     ; clk        ; 8.277  ; 8.399  ; Rise       ; clk             ;
;  port_A_addr[1]     ; clk        ; 8.572  ; 8.522  ; Rise       ; clk             ;
;  port_A_addr[2]     ; clk        ; 9.942  ; 10.021 ; Rise       ; clk             ;
;  port_A_addr[3]     ; clk        ; 8.582  ; 8.600  ; Rise       ; clk             ;
;  port_A_addr[4]     ; clk        ; 9.202  ; 9.075  ; Rise       ; clk             ;
;  port_A_addr[5]     ; clk        ; 10.578 ; 10.473 ; Rise       ; clk             ;
;  port_A_addr[6]     ; clk        ; 9.698  ; 9.673  ; Rise       ; clk             ;
;  port_A_addr[7]     ; clk        ; 8.835  ; 8.772  ; Rise       ; clk             ;
;  port_A_addr[8]     ; clk        ; 10.239 ; 10.152 ; Rise       ; clk             ;
;  port_A_addr[9]     ; clk        ; 9.198  ; 9.056  ; Rise       ; clk             ;
;  port_A_addr[10]    ; clk        ; 9.154  ; 9.155  ; Rise       ; clk             ;
;  port_A_addr[11]    ; clk        ; 9.460  ; 9.317  ; Rise       ; clk             ;
;  port_A_addr[12]    ; clk        ; 9.186  ; 9.118  ; Rise       ; clk             ;
;  port_A_addr[13]    ; clk        ; 11.042 ; 10.899 ; Rise       ; clk             ;
;  port_A_addr[14]    ; clk        ; 9.035  ; 8.974  ; Rise       ; clk             ;
;  port_A_addr[15]    ; clk        ; 10.218 ; 10.095 ; Rise       ; clk             ;
; port_A_clk          ; clk        ; 3.714  ; 3.599  ; Rise       ; clk             ;
; port_A_data_in[*]   ; clk        ; 7.916  ; 7.854  ; Rise       ; clk             ;
;  port_A_data_in[0]  ; clk        ; 6.074  ; 5.986  ; Rise       ; clk             ;
;  port_A_data_in[1]  ; clk        ; 7.509  ; 7.486  ; Rise       ; clk             ;
;  port_A_data_in[2]  ; clk        ; 7.916  ; 7.853  ; Rise       ; clk             ;
;  port_A_data_in[3]  ; clk        ; 7.492  ; 7.383  ; Rise       ; clk             ;
;  port_A_data_in[4]  ; clk        ; 6.940  ; 6.823  ; Rise       ; clk             ;
;  port_A_data_in[5]  ; clk        ; 6.029  ; 5.943  ; Rise       ; clk             ;
;  port_A_data_in[6]  ; clk        ; 7.316  ; 7.235  ; Rise       ; clk             ;
;  port_A_data_in[7]  ; clk        ; 5.981  ; 5.953  ; Rise       ; clk             ;
;  port_A_data_in[8]  ; clk        ; 7.388  ; 7.254  ; Rise       ; clk             ;
;  port_A_data_in[9]  ; clk        ; 7.913  ; 7.841  ; Rise       ; clk             ;
;  port_A_data_in[10] ; clk        ; 7.660  ; 7.627  ; Rise       ; clk             ;
;  port_A_data_in[11] ; clk        ; 7.071  ; 6.926  ; Rise       ; clk             ;
;  port_A_data_in[12] ; clk        ; 6.668  ; 6.583  ; Rise       ; clk             ;
;  port_A_data_in[13] ; clk        ; 6.819  ; 6.663  ; Rise       ; clk             ;
;  port_A_data_in[14] ; clk        ; 6.487  ; 6.355  ; Rise       ; clk             ;
;  port_A_data_in[15] ; clk        ; 7.378  ; 7.288  ; Rise       ; clk             ;
;  port_A_data_in[16] ; clk        ; 7.301  ; 7.213  ; Rise       ; clk             ;
;  port_A_data_in[17] ; clk        ; 7.373  ; 7.278  ; Rise       ; clk             ;
;  port_A_data_in[18] ; clk        ; 6.346  ; 6.251  ; Rise       ; clk             ;
;  port_A_data_in[19] ; clk        ; 7.321  ; 7.293  ; Rise       ; clk             ;
;  port_A_data_in[20] ; clk        ; 7.111  ; 7.023  ; Rise       ; clk             ;
;  port_A_data_in[21] ; clk        ; 7.522  ; 7.463  ; Rise       ; clk             ;
;  port_A_data_in[22] ; clk        ; 6.355  ; 6.266  ; Rise       ; clk             ;
;  port_A_data_in[23] ; clk        ; 6.770  ; 6.657  ; Rise       ; clk             ;
;  port_A_data_in[24] ; clk        ; 6.163  ; 6.132  ; Rise       ; clk             ;
;  port_A_data_in[25] ; clk        ; 6.133  ; 6.090  ; Rise       ; clk             ;
;  port_A_data_in[26] ; clk        ; 7.376  ; 7.289  ; Rise       ; clk             ;
;  port_A_data_in[27] ; clk        ; 6.812  ; 6.741  ; Rise       ; clk             ;
;  port_A_data_in[28] ; clk        ; 7.900  ; 7.839  ; Rise       ; clk             ;
;  port_A_data_in[29] ; clk        ; 7.915  ; 7.854  ; Rise       ; clk             ;
;  port_A_data_in[30] ; clk        ; 7.493  ; 7.389  ; Rise       ; clk             ;
;  port_A_data_in[31] ; clk        ; 6.127  ; 6.095  ; Rise       ; clk             ;
; port_A_we           ; clk        ; 7.690  ; 7.520  ; Rise       ; clk             ;
; rle_size[*]         ; clk        ; 7.883  ; 7.801  ; Rise       ; clk             ;
;  rle_size[1]        ; clk        ; 7.819  ; 7.732  ; Rise       ; clk             ;
;  rle_size[2]        ; clk        ; 5.949  ; 5.892  ; Rise       ; clk             ;
;  rle_size[3]        ; clk        ; 6.284  ; 6.218  ; Rise       ; clk             ;
;  rle_size[4]        ; clk        ; 7.883  ; 7.801  ; Rise       ; clk             ;
;  rle_size[5]        ; clk        ; 5.623  ; 5.583  ; Rise       ; clk             ;
;  rle_size[6]        ; clk        ; 6.086  ; 6.020  ; Rise       ; clk             ;
;  rle_size[7]        ; clk        ; 7.659  ; 7.552  ; Rise       ; clk             ;
;  rle_size[8]        ; clk        ; 7.517  ; 7.451  ; Rise       ; clk             ;
;  rle_size[9]        ; clk        ; 7.684  ; 7.600  ; Rise       ; clk             ;
;  rle_size[10]       ; clk        ; 5.783  ; 5.757  ; Rise       ; clk             ;
;  rle_size[11]       ; clk        ; 6.407  ; 6.328  ; Rise       ; clk             ;
;  rle_size[12]       ; clk        ; 5.612  ; 5.580  ; Rise       ; clk             ;
;  rle_size[13]       ; clk        ; 6.345  ; 6.260  ; Rise       ; clk             ;
;  rle_size[14]       ; clk        ; 5.985  ; 5.931  ; Rise       ; clk             ;
;  rle_size[15]       ; clk        ; 5.705  ; 5.656  ; Rise       ; clk             ;
; port_A_clk          ; clk        ; 3.714  ; 3.599  ; Fall       ; clk             ;
+---------------------+------------+--------+--------+------------+-----------------+


+---------------------------------------------------------------------------------+
; Minimum Clock to Output Times                                                   ;
+---------------------+------------+-------+-------+------------+-----------------+
; Data Port           ; Clock Port ; Rise  ; Fall  ; Clock Edge ; Clock Reference ;
+---------------------+------------+-------+-------+------------+-----------------+
; done                ; clk        ; 7.658 ; 7.489 ; Rise       ; clk             ;
; port_A_addr[*]      ; clk        ; 6.279 ; 6.273 ; Rise       ; clk             ;
;  port_A_addr[0]     ; clk        ; 7.730 ; 7.810 ; Rise       ; clk             ;
;  port_A_addr[1]     ; clk        ; 8.017 ; 7.972 ; Rise       ; clk             ;
;  port_A_addr[2]     ; clk        ; 7.926 ; 7.879 ; Rise       ; clk             ;
;  port_A_addr[3]     ; clk        ; 6.279 ; 6.273 ; Rise       ; clk             ;
;  port_A_addr[4]     ; clk        ; 6.899 ; 6.753 ; Rise       ; clk             ;
;  port_A_addr[5]     ; clk        ; 8.259 ; 8.142 ; Rise       ; clk             ;
;  port_A_addr[6]     ; clk        ; 7.337 ; 7.278 ; Rise       ; clk             ;
;  port_A_addr[7]     ; clk        ; 6.401 ; 6.309 ; Rise       ; clk             ;
;  port_A_addr[8]     ; clk        ; 7.749 ; 7.628 ; Rise       ; clk             ;
;  port_A_addr[9]     ; clk        ; 6.688 ; 6.534 ; Rise       ; clk             ;
;  port_A_addr[10]    ; clk        ; 6.831 ; 6.790 ; Rise       ; clk             ;
;  port_A_addr[11]    ; clk        ; 6.896 ; 6.740 ; Rise       ; clk             ;
;  port_A_addr[12]    ; clk        ; 6.813 ; 6.708 ; Rise       ; clk             ;
;  port_A_addr[13]    ; clk        ; 8.579 ; 8.415 ; Rise       ; clk             ;
;  port_A_addr[14]    ; clk        ; 6.639 ; 6.540 ; Rise       ; clk             ;
;  port_A_addr[15]    ; clk        ; 7.581 ; 7.436 ; Rise       ; clk             ;
; port_A_clk          ; clk        ; 3.566 ; 3.464 ; Rise       ; clk             ;
; port_A_data_in[*]   ; clk        ; 5.723 ; 5.691 ; Rise       ; clk             ;
;  port_A_data_in[0]  ; clk        ; 5.815 ; 5.732 ; Rise       ; clk             ;
;  port_A_data_in[1]  ; clk        ; 7.148 ; 7.128 ; Rise       ; clk             ;
;  port_A_data_in[2]  ; clk        ; 7.542 ; 7.484 ; Rise       ; clk             ;
;  port_A_data_in[3]  ; clk        ; 7.146 ; 7.046 ; Rise       ; clk             ;
;  port_A_data_in[4]  ; clk        ; 6.611 ; 6.502 ; Rise       ; clk             ;
;  port_A_data_in[5]  ; clk        ; 5.772 ; 5.691 ; Rise       ; clk             ;
;  port_A_data_in[6]  ; clk        ; 6.971 ; 6.898 ; Rise       ; clk             ;
;  port_A_data_in[7]  ; clk        ; 5.723 ; 5.697 ; Rise       ; clk             ;
;  port_A_data_in[8]  ; clk        ; 7.037 ; 6.911 ; Rise       ; clk             ;
;  port_A_data_in[9]  ; clk        ; 7.539 ; 7.473 ; Rise       ; clk             ;
;  port_A_data_in[10] ; clk        ; 7.297 ; 7.268 ; Rise       ; clk             ;
;  port_A_data_in[11] ; clk        ; 6.742 ; 6.606 ; Rise       ; clk             ;
;  port_A_data_in[12] ; clk        ; 6.361 ; 6.282 ; Rise       ; clk             ;
;  port_A_data_in[13] ; clk        ; 6.502 ; 6.357 ; Rise       ; clk             ;
;  port_A_data_in[14] ; clk        ; 6.195 ; 6.072 ; Rise       ; clk             ;
;  port_A_data_in[15] ; clk        ; 7.032 ; 6.951 ; Rise       ; clk             ;
;  port_A_data_in[16] ; clk        ; 6.957 ; 6.877 ; Rise       ; clk             ;
;  port_A_data_in[17] ; clk        ; 7.034 ; 6.945 ; Rise       ; clk             ;
;  port_A_data_in[18] ; clk        ; 6.068 ; 5.978 ; Rise       ; clk             ;
;  port_A_data_in[19] ; clk        ; 6.976 ; 6.952 ; Rise       ; clk             ;
;  port_A_data_in[20] ; clk        ; 6.780 ; 6.697 ; Rise       ; clk             ;
;  port_A_data_in[21] ; clk        ; 7.160 ; 7.107 ; Rise       ; clk             ;
;  port_A_data_in[22] ; clk        ; 6.077 ; 5.992 ; Rise       ; clk             ;
;  port_A_data_in[23] ; clk        ; 6.463 ; 6.357 ; Rise       ; clk             ;
;  port_A_data_in[24] ; clk        ; 5.889 ; 5.859 ; Rise       ; clk             ;
;  port_A_data_in[25] ; clk        ; 5.872 ; 5.831 ; Rise       ; clk             ;
;  port_A_data_in[26] ; clk        ; 7.031 ; 6.951 ; Rise       ; clk             ;
;  port_A_data_in[27] ; clk        ; 6.502 ; 6.436 ; Rise       ; clk             ;
;  port_A_data_in[28] ; clk        ; 7.524 ; 7.468 ; Rise       ; clk             ;
;  port_A_data_in[29] ; clk        ; 7.541 ; 7.485 ; Rise       ; clk             ;
;  port_A_data_in[30] ; clk        ; 7.148 ; 7.051 ; Rise       ; clk             ;
;  port_A_data_in[31] ; clk        ; 5.855 ; 5.825 ; Rise       ; clk             ;
; port_A_we           ; clk        ; 7.319 ; 7.159 ; Rise       ; clk             ;
; rle_size[*]         ; clk        ; 5.377 ; 5.346 ; Rise       ; clk             ;
;  rle_size[1]        ; clk        ; 7.448 ; 7.368 ; Rise       ; clk             ;
;  rle_size[2]        ; clk        ; 5.690 ; 5.638 ; Rise       ; clk             ;
;  rle_size[3]        ; clk        ; 6.002 ; 5.940 ; Rise       ; clk             ;
;  rle_size[4]        ; clk        ; 7.497 ; 7.423 ; Rise       ; clk             ;
;  rle_size[5]        ; clk        ; 5.387 ; 5.350 ; Rise       ; clk             ;
;  rle_size[6]        ; clk        ; 5.825 ; 5.763 ; Rise       ; clk             ;
;  rle_size[7]        ; clk        ; 7.299 ; 7.200 ; Rise       ; clk             ;
;  rle_size[8]        ; clk        ; 7.159 ; 7.099 ; Rise       ; clk             ;
;  rle_size[9]        ; clk        ; 7.314 ; 7.238 ; Rise       ; clk             ;
;  rle_size[10]       ; clk        ; 5.544 ; 5.519 ; Rise       ; clk             ;
;  rle_size[11]       ; clk        ; 6.124 ; 6.049 ; Rise       ; clk             ;
;  rle_size[12]       ; clk        ; 5.377 ; 5.346 ; Rise       ; clk             ;
;  rle_size[13]       ; clk        ; 6.059 ; 5.980 ; Rise       ; clk             ;
;  rle_size[14]       ; clk        ; 5.724 ; 5.674 ; Rise       ; clk             ;
;  rle_size[15]       ; clk        ; 5.471 ; 5.425 ; Rise       ; clk             ;
; port_A_clk          ; clk        ; 3.566 ; 3.464 ; Fall       ; clk             ;
+---------------------+------------+-------+-------+------------+-----------------+


+------------------------------------------------------------------------+
; Propagation Delay                                                      ;
+------------------+-----------------+--------+--------+--------+--------+
; Input Port       ; Output Port     ; RR     ; RF     ; FR     ; FF     ;
+------------------+-----------------+--------+--------+--------+--------+
; message_addr[0]  ; port_A_addr[0]  ; 7.245  ;        ;        ; 7.485  ;
; message_addr[1]  ; port_A_addr[1]  ; 8.688  ;        ;        ; 8.728  ;
; message_addr[2]  ; port_A_addr[2]  ; 10.931 ; 11.012 ; 10.862 ; 10.906 ;
; message_addr[2]  ; port_A_addr[3]  ; 9.573  ; 9.591  ; 9.468  ; 9.493  ;
; message_addr[2]  ; port_A_addr[4]  ; 10.181 ; 10.066 ; 10.112 ; 9.960  ;
; message_addr[2]  ; port_A_addr[5]  ; 11.569 ; 11.464 ; 11.464 ; 11.366 ;
; message_addr[2]  ; port_A_addr[6]  ; 10.677 ; 10.655 ; 10.608 ; 10.549 ;
; message_addr[2]  ; port_A_addr[7]  ; 9.743  ; 9.680  ; 9.638  ; 9.582  ;
; message_addr[2]  ; port_A_addr[8]  ; 11.147 ; 11.060 ; 11.078 ; 10.954 ;
; message_addr[2]  ; port_A_addr[9]  ; 10.106 ; 9.964  ; 10.001 ; 9.866  ;
; message_addr[2]  ; port_A_addr[10] ; 10.062 ; 10.063 ; 9.993  ; 9.957  ;
; message_addr[2]  ; port_A_addr[11] ; 10.368 ; 10.225 ; 10.263 ; 10.127 ;
; message_addr[2]  ; port_A_addr[12] ; 10.094 ; 10.026 ; 10.025 ; 9.920  ;
; message_addr[2]  ; port_A_addr[13] ; 11.950 ; 11.807 ; 11.845 ; 11.709 ;
; message_addr[2]  ; port_A_addr[14] ; 9.943  ; 9.882  ; 9.874  ; 9.776  ;
; message_addr[2]  ; port_A_addr[15] ; 11.126 ; 11.003 ; 11.021 ; 10.905 ;
; message_addr[3]  ; port_A_addr[3]  ; 8.779  ; 8.835  ; 8.766  ; 8.811  ;
; message_addr[3]  ; port_A_addr[4]  ; 9.541  ; 9.426  ; 9.540  ; 9.388  ;
; message_addr[3]  ; port_A_addr[5]  ; 10.929 ; 10.824 ; 10.892 ; 10.794 ;
; message_addr[3]  ; port_A_addr[6]  ; 10.037 ; 10.015 ; 10.036 ; 9.977  ;
; message_addr[3]  ; port_A_addr[7]  ; 9.103  ; 9.040  ; 9.066  ; 9.010  ;
; message_addr[3]  ; port_A_addr[8]  ; 10.507 ; 10.420 ; 10.506 ; 10.382 ;
; message_addr[3]  ; port_A_addr[9]  ; 9.466  ; 9.324  ; 9.429  ; 9.294  ;
; message_addr[3]  ; port_A_addr[10] ; 9.422  ; 9.423  ; 9.421  ; 9.385  ;
; message_addr[3]  ; port_A_addr[11] ; 9.728  ; 9.585  ; 9.691  ; 9.555  ;
; message_addr[3]  ; port_A_addr[12] ; 9.454  ; 9.386  ; 9.453  ; 9.348  ;
; message_addr[3]  ; port_A_addr[13] ; 11.310 ; 11.167 ; 11.273 ; 11.137 ;
; message_addr[3]  ; port_A_addr[14] ; 9.303  ; 9.242  ; 9.302  ; 9.204  ;
; message_addr[3]  ; port_A_addr[15] ; 10.486 ; 10.363 ; 10.449 ; 10.333 ;
; message_addr[4]  ; port_A_addr[4]  ; 10.360 ; 10.334 ; 10.188 ; 10.125 ;
; message_addr[4]  ; port_A_addr[5]  ; 11.911 ; 11.806 ; 11.703 ; 11.605 ;
; message_addr[4]  ; port_A_addr[6]  ; 11.019 ; 10.997 ; 10.847 ; 10.788 ;
; message_addr[4]  ; port_A_addr[7]  ; 10.085 ; 10.022 ; 9.877  ; 9.821  ;
; message_addr[4]  ; port_A_addr[8]  ; 11.489 ; 11.402 ; 11.317 ; 11.193 ;
; message_addr[4]  ; port_A_addr[9]  ; 10.448 ; 10.306 ; 10.240 ; 10.105 ;
; message_addr[4]  ; port_A_addr[10] ; 10.404 ; 10.405 ; 10.232 ; 10.196 ;
; message_addr[4]  ; port_A_addr[11] ; 10.710 ; 10.567 ; 10.502 ; 10.366 ;
; message_addr[4]  ; port_A_addr[12] ; 10.436 ; 10.368 ; 10.264 ; 10.159 ;
; message_addr[4]  ; port_A_addr[13] ; 12.292 ; 12.149 ; 12.084 ; 11.948 ;
; message_addr[4]  ; port_A_addr[14] ; 10.285 ; 10.224 ; 10.113 ; 10.015 ;
; message_addr[4]  ; port_A_addr[15] ; 11.468 ; 11.345 ; 11.260 ; 11.144 ;
; message_addr[5]  ; port_A_addr[5]  ; 10.758 ; 10.691 ; 10.773 ; 10.695 ;
; message_addr[5]  ; port_A_addr[6]  ; 10.020 ; 9.998  ; 10.047 ; 9.988  ;
; message_addr[5]  ; port_A_addr[7]  ; 9.086  ; 9.023  ; 9.077  ; 9.021  ;
; message_addr[5]  ; port_A_addr[8]  ; 10.490 ; 10.403 ; 10.517 ; 10.393 ;
; message_addr[5]  ; port_A_addr[9]  ; 9.449  ; 9.307  ; 9.440  ; 9.305  ;
; message_addr[5]  ; port_A_addr[10] ; 9.405  ; 9.406  ; 9.432  ; 9.396  ;
; message_addr[5]  ; port_A_addr[11] ; 9.711  ; 9.568  ; 9.702  ; 9.566  ;
; message_addr[5]  ; port_A_addr[12] ; 9.437  ; 9.369  ; 9.464  ; 9.359  ;
; message_addr[5]  ; port_A_addr[13] ; 11.293 ; 11.150 ; 11.284 ; 11.148 ;
; message_addr[5]  ; port_A_addr[14] ; 9.286  ; 9.225  ; 9.313  ; 9.215  ;
; message_addr[5]  ; port_A_addr[15] ; 10.469 ; 10.346 ; 10.460 ; 10.344 ;
; message_addr[6]  ; port_A_addr[6]  ; 10.122 ; 10.189 ; 10.060 ; 10.090 ;
; message_addr[6]  ; port_A_addr[7]  ; 9.351  ; 9.288  ; 9.253  ; 9.197  ;
; message_addr[6]  ; port_A_addr[8]  ; 10.755 ; 10.668 ; 10.693 ; 10.569 ;
; message_addr[6]  ; port_A_addr[9]  ; 9.714  ; 9.572  ; 9.616  ; 9.481  ;
; message_addr[6]  ; port_A_addr[10] ; 9.670  ; 9.671  ; 9.608  ; 9.572  ;
; message_addr[6]  ; port_A_addr[11] ; 9.976  ; 9.833  ; 9.878  ; 9.742  ;
; message_addr[6]  ; port_A_addr[12] ; 9.702  ; 9.634  ; 9.640  ; 9.535  ;
; message_addr[6]  ; port_A_addr[13] ; 11.558 ; 11.415 ; 11.460 ; 11.324 ;
; message_addr[6]  ; port_A_addr[14] ; 9.551  ; 9.490  ; 9.489  ; 9.391  ;
; message_addr[6]  ; port_A_addr[15] ; 10.734 ; 10.611 ; 10.636 ; 10.520 ;
; message_addr[7]  ; port_A_addr[7]  ; 8.763  ; 8.798  ; 8.810  ; 8.808  ;
; message_addr[7]  ; port_A_addr[8]  ; 10.381 ; 10.294 ; 10.428 ; 10.304 ;
; message_addr[7]  ; port_A_addr[9]  ; 9.340  ; 9.198  ; 9.351  ; 9.216  ;
; message_addr[7]  ; port_A_addr[10] ; 9.296  ; 9.297  ; 9.343  ; 9.307  ;
; message_addr[7]  ; port_A_addr[11] ; 9.602  ; 9.459  ; 9.613  ; 9.477  ;
; message_addr[7]  ; port_A_addr[12] ; 9.328  ; 9.260  ; 9.375  ; 9.270  ;
; message_addr[7]  ; port_A_addr[13] ; 11.184 ; 11.041 ; 11.195 ; 11.059 ;
; message_addr[7]  ; port_A_addr[14] ; 9.177  ; 9.116  ; 9.224  ; 9.126  ;
; message_addr[7]  ; port_A_addr[15] ; 10.360 ; 10.237 ; 10.371 ; 10.255 ;
; message_addr[8]  ; port_A_addr[8]  ; 10.709 ; 10.711 ; 10.605 ; 10.570 ;
; message_addr[8]  ; port_A_addr[9]  ; 9.831  ; 9.689  ; 9.691  ; 9.556  ;
; message_addr[8]  ; port_A_addr[10] ; 9.787  ; 9.788  ; 9.683  ; 9.647  ;
; message_addr[8]  ; port_A_addr[11] ; 10.093 ; 9.950  ; 9.953  ; 9.817  ;
; message_addr[8]  ; port_A_addr[12] ; 9.819  ; 9.751  ; 9.715  ; 9.610  ;
; message_addr[8]  ; port_A_addr[13] ; 11.675 ; 11.532 ; 11.535 ; 11.399 ;
; message_addr[8]  ; port_A_addr[14] ; 9.668  ; 9.607  ; 9.564  ; 9.466  ;
; message_addr[8]  ; port_A_addr[15] ; 10.851 ; 10.728 ; 10.711 ; 10.595 ;
; message_addr[9]  ; port_A_addr[9]  ; 9.494  ; 9.390  ; 9.445  ; 9.330  ;
; message_addr[9]  ; port_A_addr[10] ; 9.604  ; 9.605  ; 9.567  ; 9.531  ;
; message_addr[9]  ; port_A_addr[11] ; 9.910  ; 9.767  ; 9.837  ; 9.701  ;
; message_addr[9]  ; port_A_addr[12] ; 9.636  ; 9.568  ; 9.599  ; 9.494  ;
; message_addr[9]  ; port_A_addr[13] ; 11.492 ; 11.349 ; 11.419 ; 11.283 ;
; message_addr[9]  ; port_A_addr[14] ; 9.485  ; 9.424  ; 9.448  ; 9.350  ;
; message_addr[9]  ; port_A_addr[15] ; 10.668 ; 10.545 ; 10.595 ; 10.479 ;
; message_addr[10] ; port_A_addr[10] ; 9.501  ; 9.591  ; 9.533  ; 9.586  ;
; message_addr[10] ; port_A_addr[11] ; 9.970  ; 9.827  ; 9.966  ; 9.830  ;
; message_addr[10] ; port_A_addr[12] ; 9.696  ; 9.628  ; 9.728  ; 9.623  ;
; message_addr[10] ; port_A_addr[13] ; 11.552 ; 11.409 ; 11.548 ; 11.412 ;
; message_addr[10] ; port_A_addr[14] ; 9.545  ; 9.484  ; 9.577  ; 9.479  ;
; message_addr[10] ; port_A_addr[15] ; 10.728 ; 10.605 ; 10.724 ; 10.608 ;
; message_addr[11] ; port_A_addr[11] ; 9.062  ; 8.957  ; 9.119  ; 9.003  ;
; message_addr[11] ; port_A_addr[12] ; 8.960  ; 8.892  ; 9.029  ; 8.924  ;
; message_addr[11] ; port_A_addr[13] ; 10.816 ; 10.673 ; 10.849 ; 10.713 ;
; message_addr[11] ; port_A_addr[14] ; 8.809  ; 8.748  ; 8.878  ; 8.780  ;
; message_addr[11] ; port_A_addr[15] ; 9.992  ; 9.869  ; 10.025 ; 9.909  ;
; message_addr[12] ; port_A_addr[12] ; 9.734  ; 9.695  ; 9.763  ; 9.713  ;
; message_addr[12] ; port_A_addr[13] ; 11.693 ; 11.550 ; 11.698 ; 11.562 ;
; message_addr[12] ; port_A_addr[14] ; 9.686  ; 9.625  ; 9.727  ; 9.629  ;
; message_addr[12] ; port_A_addr[15] ; 10.869 ; 10.746 ; 10.874 ; 10.758 ;
; message_addr[13] ; port_A_addr[13] ; 11.060 ; 11.015 ; 10.942 ; 10.860 ;
; message_addr[13] ; port_A_addr[14] ; 9.267  ; 9.206  ; 9.149  ; 9.051  ;
; message_addr[13] ; port_A_addr[15] ; 10.450 ; 10.327 ; 10.296 ; 10.180 ;
; message_addr[14] ; port_A_addr[14] ; 9.117  ; 9.145  ; 9.013  ; 9.004  ;
; message_addr[14] ; port_A_addr[15] ; 10.463 ; 10.340 ; 10.323 ; 10.207 ;
; message_addr[15] ; port_A_addr[15] ; 10.263 ; 10.238 ; 10.146 ; 10.084 ;
; message_size[0]  ; done            ;        ; 11.873 ; 12.041 ;        ;
; message_size[1]  ; done            ;        ; 11.667 ; 11.811 ;        ;
; message_size[2]  ; done            ;        ; 11.667 ; 11.864 ;        ;
; message_size[3]  ; done            ; 12.189 ; 12.045 ; 12.097 ; 11.931 ;
; message_size[4]  ; done            ; 12.284 ; 12.142 ; 12.210 ; 12.049 ;
; message_size[5]  ; done            ; 11.535 ; 11.427 ; 11.590 ; 11.463 ;
; message_size[6]  ; done            ; 11.665 ; 11.558 ; 11.605 ; 11.473 ;
; message_size[7]  ; done            ; 11.013 ; 10.925 ; 11.107 ; 11.009 ;
; message_size[8]  ; done            ; 11.643 ; 11.874 ; 12.092 ; 11.461 ;
; message_size[9]  ; done            ; 11.726 ; 11.964 ; 12.123 ; 11.480 ;
; message_size[10] ; done            ; 11.050 ; 10.925 ; 11.097 ; 10.984 ;
; message_size[11] ; done            ; 12.115 ; 11.911 ; 11.981 ; 11.856 ;
; message_size[12] ; done            ; 11.206 ; 11.095 ; 11.380 ; 11.125 ;
; message_size[13] ; done            ; 11.927 ; 11.735 ; 11.854 ; 11.643 ;
; message_size[14] ; done            ; 11.867 ; 11.742 ; 11.935 ; 11.706 ;
; message_size[15] ; done            ; 11.303 ; 11.456 ; 11.690 ; 11.091 ;
; message_size[16] ; done            ;        ; 15.027 ; 15.657 ;        ;
; message_size[17] ; done            ;        ; 15.193 ; 15.772 ;        ;
; message_size[18] ; done            ;        ; 15.002 ; 15.617 ;        ;
; message_size[19] ; done            ;        ; 14.670 ; 15.303 ;        ;
; message_size[20] ; done            ;        ; 14.685 ; 15.358 ;        ;
; message_size[21] ; done            ;        ; 11.312 ; 11.579 ;        ;
; message_size[22] ; done            ;        ; 14.100 ; 14.744 ;        ;
; message_size[23] ; done            ;        ; 14.217 ; 14.800 ;        ;
; message_size[24] ; done            ;        ; 14.430 ; 14.959 ;        ;
; message_size[25] ; done            ;        ; 13.905 ; 14.491 ;        ;
; message_size[26] ; done            ;        ; 14.066 ; 14.681 ;        ;
; message_size[27] ; done            ;        ; 11.627 ; 11.843 ;        ;
; message_size[28] ; done            ;        ; 11.615 ; 12.056 ;        ;
; message_size[29] ; done            ;        ; 14.357 ; 14.913 ;        ;
; message_size[30] ; done            ;        ; 11.822 ; 12.319 ;        ;
; message_size[31] ; done            ;        ; 11.910 ; 12.276 ;        ;
; rle_addr[0]      ; port_A_addr[0]  ; 6.760  ;        ;        ; 7.011  ;
; rle_addr[1]      ; port_A_addr[1]  ; 9.639  ;        ;        ; 9.504  ;
; rle_addr[2]      ; port_A_addr[2]  ; 11.361 ; 11.442 ; 11.200 ; 11.244 ;
; rle_addr[2]      ; port_A_addr[3]  ; 10.003 ; 10.021 ; 9.806  ; 9.831  ;
; rle_addr[2]      ; port_A_addr[4]  ; 10.611 ; 10.496 ; 10.450 ; 10.298 ;
; rle_addr[2]      ; port_A_addr[5]  ; 11.999 ; 11.894 ; 11.802 ; 11.704 ;
; rle_addr[2]      ; port_A_addr[6]  ; 11.107 ; 11.085 ; 10.946 ; 10.887 ;
; rle_addr[2]      ; port_A_addr[7]  ; 10.173 ; 10.110 ; 9.976  ; 9.920  ;
; rle_addr[2]      ; port_A_addr[8]  ; 11.577 ; 11.490 ; 11.416 ; 11.292 ;
; rle_addr[2]      ; port_A_addr[9]  ; 10.536 ; 10.394 ; 10.339 ; 10.204 ;
; rle_addr[2]      ; port_A_addr[10] ; 10.492 ; 10.493 ; 10.331 ; 10.295 ;
; rle_addr[2]      ; port_A_addr[11] ; 10.798 ; 10.655 ; 10.601 ; 10.465 ;
; rle_addr[2]      ; port_A_addr[12] ; 10.524 ; 10.456 ; 10.363 ; 10.258 ;
; rle_addr[2]      ; port_A_addr[13] ; 12.380 ; 12.237 ; 12.183 ; 12.047 ;
; rle_addr[2]      ; port_A_addr[14] ; 10.373 ; 10.312 ; 10.212 ; 10.114 ;
; rle_addr[2]      ; port_A_addr[15] ; 11.556 ; 11.433 ; 11.359 ; 11.243 ;
; rle_addr[3]      ; port_A_addr[3]  ; 8.959  ; 9.062  ; 8.897  ; 9.016  ;
; rle_addr[3]      ; port_A_addr[4]  ; 9.769  ; 9.654  ; 9.734  ; 9.582  ;
; rle_addr[3]      ; port_A_addr[5]  ; 11.157 ; 11.052 ; 11.086 ; 10.988 ;
; rle_addr[3]      ; port_A_addr[6]  ; 10.265 ; 10.243 ; 10.230 ; 10.171 ;
; rle_addr[3]      ; port_A_addr[7]  ; 9.331  ; 9.268  ; 9.260  ; 9.204  ;
; rle_addr[3]      ; port_A_addr[8]  ; 10.735 ; 10.648 ; 10.700 ; 10.576 ;
; rle_addr[3]      ; port_A_addr[9]  ; 9.694  ; 9.552  ; 9.623  ; 9.488  ;
; rle_addr[3]      ; port_A_addr[10] ; 9.650  ; 9.651  ; 9.615  ; 9.579  ;
; rle_addr[3]      ; port_A_addr[11] ; 9.956  ; 9.813  ; 9.885  ; 9.749  ;
; rle_addr[3]      ; port_A_addr[12] ; 9.682  ; 9.614  ; 9.647  ; 9.542  ;
; rle_addr[3]      ; port_A_addr[13] ; 11.538 ; 11.395 ; 11.467 ; 11.331 ;
; rle_addr[3]      ; port_A_addr[14] ; 9.531  ; 9.470  ; 9.496  ; 9.398  ;
; rle_addr[3]      ; port_A_addr[15] ; 10.714 ; 10.591 ; 10.643 ; 10.527 ;
; rle_addr[4]      ; port_A_addr[4]  ; 10.286 ; 10.260 ; 10.149 ; 10.086 ;
; rle_addr[4]      ; port_A_addr[5]  ; 11.837 ; 11.732 ; 11.664 ; 11.566 ;
; rle_addr[4]      ; port_A_addr[6]  ; 10.945 ; 10.923 ; 10.808 ; 10.749 ;
; rle_addr[4]      ; port_A_addr[7]  ; 10.011 ; 9.948  ; 9.838  ; 9.782  ;
; rle_addr[4]      ; port_A_addr[8]  ; 11.415 ; 11.328 ; 11.278 ; 11.154 ;
; rle_addr[4]      ; port_A_addr[9]  ; 10.374 ; 10.232 ; 10.201 ; 10.066 ;
; rle_addr[4]      ; port_A_addr[10] ; 10.330 ; 10.331 ; 10.193 ; 10.157 ;
; rle_addr[4]      ; port_A_addr[11] ; 10.636 ; 10.493 ; 10.463 ; 10.327 ;
; rle_addr[4]      ; port_A_addr[12] ; 10.362 ; 10.294 ; 10.225 ; 10.120 ;
; rle_addr[4]      ; port_A_addr[13] ; 12.218 ; 12.075 ; 12.045 ; 11.909 ;
; rle_addr[4]      ; port_A_addr[14] ; 10.211 ; 10.150 ; 10.074 ; 9.976  ;
; rle_addr[4]      ; port_A_addr[15] ; 11.394 ; 11.271 ; 11.221 ; 11.105 ;
; rle_addr[5]      ; port_A_addr[5]  ; 11.168 ; 11.148 ; 11.178 ; 11.174 ;
; rle_addr[5]      ; port_A_addr[6]  ; 10.478 ; 10.456 ; 10.515 ; 10.456 ;
; rle_addr[5]      ; port_A_addr[7]  ; 9.544  ; 9.481  ; 9.545  ; 9.489  ;
; rle_addr[5]      ; port_A_addr[8]  ; 10.948 ; 10.861 ; 10.985 ; 10.861 ;
; rle_addr[5]      ; port_A_addr[9]  ; 9.907  ; 9.765  ; 9.908  ; 9.773  ;
; rle_addr[5]      ; port_A_addr[10] ; 9.863  ; 9.864  ; 9.900  ; 9.864  ;
; rle_addr[5]      ; port_A_addr[11] ; 10.169 ; 10.026 ; 10.170 ; 10.034 ;
; rle_addr[5]      ; port_A_addr[12] ; 9.895  ; 9.827  ; 9.932  ; 9.827  ;
; rle_addr[5]      ; port_A_addr[13] ; 11.751 ; 11.608 ; 11.752 ; 11.616 ;
; rle_addr[5]      ; port_A_addr[14] ; 9.744  ; 9.683  ; 9.781  ; 9.683  ;
; rle_addr[5]      ; port_A_addr[15] ; 10.927 ; 10.804 ; 10.928 ; 10.812 ;
; rle_addr[6]      ; port_A_addr[6]  ; 10.878 ; 10.945 ; 10.760 ; 10.790 ;
; rle_addr[6]      ; port_A_addr[7]  ; 10.107 ; 10.044 ; 9.953  ; 9.897  ;
; rle_addr[6]      ; port_A_addr[8]  ; 11.511 ; 11.424 ; 11.393 ; 11.269 ;
; rle_addr[6]      ; port_A_addr[9]  ; 10.470 ; 10.328 ; 10.316 ; 10.181 ;
; rle_addr[6]      ; port_A_addr[10] ; 10.426 ; 10.427 ; 10.308 ; 10.272 ;
; rle_addr[6]      ; port_A_addr[11] ; 10.732 ; 10.589 ; 10.578 ; 10.442 ;
; rle_addr[6]      ; port_A_addr[12] ; 10.458 ; 10.390 ; 10.340 ; 10.235 ;
; rle_addr[6]      ; port_A_addr[13] ; 12.314 ; 12.171 ; 12.160 ; 12.024 ;
; rle_addr[6]      ; port_A_addr[14] ; 10.307 ; 10.246 ; 10.189 ; 10.091 ;
; rle_addr[6]      ; port_A_addr[15] ; 11.490 ; 11.367 ; 11.336 ; 11.220 ;
; rle_addr[7]      ; port_A_addr[7]  ; 9.301  ; 9.323  ; 9.296  ; 9.334  ;
; rle_addr[7]      ; port_A_addr[8]  ; 10.907 ; 10.820 ; 10.929 ; 10.805 ;
; rle_addr[7]      ; port_A_addr[9]  ; 9.866  ; 9.724  ; 9.852  ; 9.717  ;
; rle_addr[7]      ; port_A_addr[10] ; 9.822  ; 9.823  ; 9.844  ; 9.808  ;
; rle_addr[7]      ; port_A_addr[11] ; 10.128 ; 9.985  ; 10.114 ; 9.978  ;
; rle_addr[7]      ; port_A_addr[12] ; 9.854  ; 9.786  ; 9.876  ; 9.771  ;
; rle_addr[7]      ; port_A_addr[13] ; 11.710 ; 11.567 ; 11.696 ; 11.560 ;
; rle_addr[7]      ; port_A_addr[14] ; 9.703  ; 9.642  ; 9.725  ; 9.627  ;
; rle_addr[7]      ; port_A_addr[15] ; 10.886 ; 10.763 ; 10.872 ; 10.756 ;
; rle_addr[8]      ; port_A_addr[8]  ; 11.035 ; 11.037 ; 10.928 ; 10.893 ;
; rle_addr[8]      ; port_A_addr[9]  ; 10.157 ; 10.015 ; 10.014 ; 9.879  ;
; rle_addr[8]      ; port_A_addr[10] ; 10.113 ; 10.114 ; 10.006 ; 9.970  ;
; rle_addr[8]      ; port_A_addr[11] ; 10.419 ; 10.276 ; 10.276 ; 10.140 ;
; rle_addr[8]      ; port_A_addr[12] ; 10.145 ; 10.077 ; 10.038 ; 9.933  ;
; rle_addr[8]      ; port_A_addr[13] ; 12.001 ; 11.858 ; 11.858 ; 11.722 ;
; rle_addr[8]      ; port_A_addr[14] ; 9.994  ; 9.933  ; 9.887  ; 9.789  ;
; rle_addr[8]      ; port_A_addr[15] ; 11.177 ; 11.054 ; 11.034 ; 10.918 ;
; rle_addr[9]      ; port_A_addr[9]  ; 9.141  ; 9.102  ; 9.048  ; 9.000  ;
; rle_addr[9]      ; port_A_addr[10] ; 9.316  ; 9.317  ; 9.226  ; 9.190  ;
; rle_addr[9]      ; port_A_addr[11] ; 9.622  ; 9.479  ; 9.496  ; 9.360  ;
; rle_addr[9]      ; port_A_addr[12] ; 9.348  ; 9.280  ; 9.258  ; 9.153  ;
; rle_addr[9]      ; port_A_addr[13] ; 11.204 ; 11.061 ; 11.078 ; 10.942 ;
; rle_addr[9]      ; port_A_addr[14] ; 9.197  ; 9.136  ; 9.107  ; 9.009  ;
; rle_addr[9]      ; port_A_addr[15] ; 10.380 ; 10.257 ; 10.254 ; 10.138 ;
; rle_addr[10]     ; port_A_addr[10] ; 9.912  ; 10.002 ; 9.901  ; 9.954  ;
; rle_addr[10]     ; port_A_addr[11] ; 10.381 ; 10.238 ; 10.334 ; 10.198 ;
; rle_addr[10]     ; port_A_addr[12] ; 10.107 ; 10.039 ; 10.096 ; 9.991  ;
; rle_addr[10]     ; port_A_addr[13] ; 11.963 ; 11.820 ; 11.916 ; 11.780 ;
; rle_addr[10]     ; port_A_addr[14] ; 9.956  ; 9.895  ; 9.945  ; 9.847  ;
; rle_addr[10]     ; port_A_addr[15] ; 11.139 ; 11.016 ; 11.092 ; 10.976 ;
; rle_addr[11]     ; port_A_addr[11] ; 9.408  ; 9.350  ; 9.347  ; 9.305  ;
; rle_addr[11]     ; port_A_addr[12] ; 9.410  ; 9.342  ; 9.359  ; 9.254  ;
; rle_addr[11]     ; port_A_addr[13] ; 11.266 ; 11.123 ; 11.179 ; 11.043 ;
; rle_addr[11]     ; port_A_addr[14] ; 9.259  ; 9.198  ; 9.208  ; 9.110  ;
; rle_addr[11]     ; port_A_addr[15] ; 10.442 ; 10.319 ; 10.355 ; 10.239 ;
; rle_addr[12]     ; port_A_addr[12] ; 9.312  ; 9.273  ; 9.279  ; 9.229  ;
; rle_addr[12]     ; port_A_addr[13] ; 11.271 ; 11.128 ; 11.214 ; 11.078 ;
; rle_addr[12]     ; port_A_addr[14] ; 9.264  ; 9.203  ; 9.243  ; 9.145  ;
; rle_addr[12]     ; port_A_addr[15] ; 10.447 ; 10.324 ; 10.390 ; 10.274 ;
; rle_addr[13]     ; port_A_addr[13] ; 11.077 ; 11.037 ; 10.996 ; 10.947 ;
; rle_addr[13]     ; port_A_addr[14] ; 9.289  ; 9.228  ; 9.211  ; 9.113  ;
; rle_addr[13]     ; port_A_addr[15] ; 10.472 ; 10.349 ; 10.358 ; 10.242 ;
; rle_addr[14]     ; port_A_addr[14] ; 10.279 ; 10.307 ; 10.080 ; 10.071 ;
; rle_addr[14]     ; port_A_addr[15] ; 11.625 ; 11.502 ; 11.390 ; 11.274 ;
; rle_addr[15]     ; port_A_addr[15] ; 10.383 ; 10.356 ; 10.299 ; 10.270 ;
+------------------+-----------------+--------+--------+--------+--------+


+------------------------------------------------------------------------+
; Minimum Propagation Delay                                              ;
+------------------+-----------------+--------+--------+--------+--------+
; Input Port       ; Output Port     ; RR     ; RF     ; FR     ; FF     ;
+------------------+-----------------+--------+--------+--------+--------+
; message_addr[0]  ; port_A_addr[0]  ; 6.916  ;        ;        ; 7.137  ;
; message_addr[1]  ; port_A_addr[1]  ; 8.274  ;        ;        ; 8.311  ;
; message_addr[2]  ; port_A_addr[2]  ; 10.295 ; 10.266 ; 10.244 ; 10.208 ;
; message_addr[2]  ; port_A_addr[3]  ; 9.041  ; 9.056  ; 8.955  ; 8.978  ;
; message_addr[2]  ; port_A_addr[4]  ; 9.616  ; 9.511  ; 9.565  ; 9.425  ;
; message_addr[2]  ; port_A_addr[5]  ; 10.908 ; 10.812 ; 10.822 ; 10.734 ;
; message_addr[2]  ; port_A_addr[6]  ; 10.083 ; 10.065 ; 10.032 ; 9.979  ;
; message_addr[2]  ; port_A_addr[7]  ; 9.210  ; 9.150  ; 9.124  ; 9.072  ;
; message_addr[2]  ; port_A_addr[8]  ; 10.524 ; 10.444 ; 10.473 ; 10.358 ;
; message_addr[2]  ; port_A_addr[9]  ; 9.540  ; 9.407  ; 9.454  ; 9.329  ;
; message_addr[2]  ; port_A_addr[10] ; 9.502  ; 9.502  ; 9.451  ; 9.416  ;
; message_addr[2]  ; port_A_addr[11] ; 9.779  ; 9.644  ; 9.693  ; 9.566  ;
; message_addr[2]  ; port_A_addr[12] ; 9.526  ; 9.462  ; 9.475  ; 9.376  ;
; message_addr[2]  ; port_A_addr[13] ; 11.273 ; 11.141 ; 11.187 ; 11.063 ;
; message_addr[2]  ; port_A_addr[14] ; 9.394  ; 9.336  ; 9.343  ; 9.250  ;
; message_addr[2]  ; port_A_addr[15] ; 10.494 ; 10.381 ; 10.408 ; 10.303 ;
; message_addr[3]  ; port_A_addr[3]  ; 8.223  ; 8.206  ; 8.221  ; 8.204  ;
; message_addr[3]  ; port_A_addr[4]  ; 8.984  ; 8.879  ; 8.983  ; 8.843  ;
; message_addr[3]  ; port_A_addr[5]  ; 10.276 ; 10.180 ; 10.240 ; 10.152 ;
; message_addr[3]  ; port_A_addr[6]  ; 9.451  ; 9.433  ; 9.450  ; 9.397  ;
; message_addr[3]  ; port_A_addr[7]  ; 8.578  ; 8.518  ; 8.542  ; 8.490  ;
; message_addr[3]  ; port_A_addr[8]  ; 9.892  ; 9.812  ; 9.891  ; 9.776  ;
; message_addr[3]  ; port_A_addr[9]  ; 8.908  ; 8.775  ; 8.872  ; 8.747  ;
; message_addr[3]  ; port_A_addr[10] ; 8.870  ; 8.870  ; 8.869  ; 8.834  ;
; message_addr[3]  ; port_A_addr[11] ; 9.147  ; 9.012  ; 9.111  ; 8.984  ;
; message_addr[3]  ; port_A_addr[12] ; 8.894  ; 8.830  ; 8.893  ; 8.794  ;
; message_addr[3]  ; port_A_addr[13] ; 10.641 ; 10.509 ; 10.605 ; 10.481 ;
; message_addr[3]  ; port_A_addr[14] ; 8.762  ; 8.704  ; 8.761  ; 8.668  ;
; message_addr[3]  ; port_A_addr[15] ; 9.862  ; 9.749  ; 9.826  ; 9.721  ;
; message_addr[4]  ; port_A_addr[4]  ; 9.671  ; 9.543  ; 9.522  ; 9.387  ;
; message_addr[4]  ; port_A_addr[5]  ; 11.144 ; 11.048 ; 10.960 ; 10.872 ;
; message_addr[4]  ; port_A_addr[6]  ; 10.319 ; 10.301 ; 10.170 ; 10.117 ;
; message_addr[4]  ; port_A_addr[7]  ; 9.446  ; 9.386  ; 9.262  ; 9.210  ;
; message_addr[4]  ; port_A_addr[8]  ; 10.760 ; 10.680 ; 10.611 ; 10.496 ;
; message_addr[4]  ; port_A_addr[9]  ; 9.776  ; 9.643  ; 9.592  ; 9.467  ;
; message_addr[4]  ; port_A_addr[10] ; 9.738  ; 9.738  ; 9.589  ; 9.554  ;
; message_addr[4]  ; port_A_addr[11] ; 10.015 ; 9.880  ; 9.831  ; 9.704  ;
; message_addr[4]  ; port_A_addr[12] ; 9.762  ; 9.698  ; 9.613  ; 9.514  ;
; message_addr[4]  ; port_A_addr[13] ; 11.509 ; 11.377 ; 11.325 ; 11.201 ;
; message_addr[4]  ; port_A_addr[14] ; 9.630  ; 9.572  ; 9.481  ; 9.388  ;
; message_addr[4]  ; port_A_addr[15] ; 10.730 ; 10.617 ; 10.546 ; 10.441 ;
; message_addr[5]  ; port_A_addr[5]  ; 10.076 ; 9.948  ; 10.101 ; 9.973  ;
; message_addr[5]  ; port_A_addr[6]  ; 9.437  ; 9.419  ; 9.463  ; 9.410  ;
; message_addr[5]  ; port_A_addr[7]  ; 8.564  ; 8.504  ; 8.555  ; 8.503  ;
; message_addr[5]  ; port_A_addr[8]  ; 9.878  ; 9.798  ; 9.904  ; 9.789  ;
; message_addr[5]  ; port_A_addr[9]  ; 8.894  ; 8.761  ; 8.885  ; 8.760  ;
; message_addr[5]  ; port_A_addr[10] ; 8.856  ; 8.856  ; 8.882  ; 8.847  ;
; message_addr[5]  ; port_A_addr[11] ; 9.133  ; 8.998  ; 9.124  ; 8.997  ;
; message_addr[5]  ; port_A_addr[12] ; 8.880  ; 8.816  ; 8.906  ; 8.807  ;
; message_addr[5]  ; port_A_addr[13] ; 10.627 ; 10.495 ; 10.618 ; 10.494 ;
; message_addr[5]  ; port_A_addr[14] ; 8.748  ; 8.690  ; 8.774  ; 8.681  ;
; message_addr[5]  ; port_A_addr[15] ; 9.848  ; 9.735  ; 9.839  ; 9.734  ;
; message_addr[6]  ; port_A_addr[6]  ; 9.542  ; 9.501  ; 9.497  ; 9.449  ;
; message_addr[6]  ; port_A_addr[7]  ; 8.850  ; 8.790  ; 8.770  ; 8.718  ;
; message_addr[6]  ; port_A_addr[8]  ; 10.164 ; 10.084 ; 10.119 ; 10.004 ;
; message_addr[6]  ; port_A_addr[9]  ; 9.180  ; 9.047  ; 9.100  ; 8.975  ;
; message_addr[6]  ; port_A_addr[10] ; 9.142  ; 9.142  ; 9.097  ; 9.062  ;
; message_addr[6]  ; port_A_addr[11] ; 9.419  ; 9.284  ; 9.339  ; 9.212  ;
; message_addr[6]  ; port_A_addr[12] ; 9.166  ; 9.102  ; 9.121  ; 9.022  ;
; message_addr[6]  ; port_A_addr[13] ; 10.913 ; 10.781 ; 10.833 ; 10.709 ;
; message_addr[6]  ; port_A_addr[14] ; 9.034  ; 8.976  ; 8.989  ; 8.896  ;
; message_addr[6]  ; port_A_addr[15] ; 10.134 ; 10.021 ; 10.054 ; 9.949  ;
; message_addr[7]  ; port_A_addr[7]  ; 8.274  ; 8.200  ; 8.331  ; 8.250  ;
; message_addr[7]  ; port_A_addr[8]  ; 9.817  ; 9.737  ; 9.874  ; 9.759  ;
; message_addr[7]  ; port_A_addr[9]  ; 8.833  ; 8.700  ; 8.855  ; 8.730  ;
; message_addr[7]  ; port_A_addr[10] ; 8.795  ; 8.795  ; 8.852  ; 8.817  ;
; message_addr[7]  ; port_A_addr[11] ; 9.072  ; 8.937  ; 9.094  ; 8.967  ;
; message_addr[7]  ; port_A_addr[12] ; 8.819  ; 8.755  ; 8.876  ; 8.777  ;
; message_addr[7]  ; port_A_addr[13] ; 10.566 ; 10.434 ; 10.588 ; 10.464 ;
; message_addr[7]  ; port_A_addr[14] ; 8.687  ; 8.629  ; 8.744  ; 8.651  ;
; message_addr[7]  ; port_A_addr[15] ; 9.787  ; 9.674  ; 9.809  ; 9.704  ;
; message_addr[8]  ; port_A_addr[8]  ; 10.052 ; 9.949  ; 10.007 ; 9.897  ;
; message_addr[8]  ; port_A_addr[9]  ; 9.249  ; 9.116  ; 9.169  ; 9.044  ;
; message_addr[8]  ; port_A_addr[10] ; 9.211  ; 9.211  ; 9.166  ; 9.131  ;
; message_addr[8]  ; port_A_addr[11] ; 9.488  ; 9.353  ; 9.408  ; 9.281  ;
; message_addr[8]  ; port_A_addr[12] ; 9.235  ; 9.171  ; 9.190  ; 9.091  ;
; message_addr[8]  ; port_A_addr[13] ; 10.982 ; 10.850 ; 10.902 ; 10.778 ;
; message_addr[8]  ; port_A_addr[14] ; 9.103  ; 9.045  ; 9.058  ; 8.965  ;
; message_addr[8]  ; port_A_addr[15] ; 10.203 ; 10.090 ; 10.123 ; 10.018 ;
; message_addr[9]  ; port_A_addr[9]  ; 8.893  ; 8.728  ; 8.860  ; 8.695  ;
; message_addr[9]  ; port_A_addr[10] ; 9.041  ; 9.041  ; 9.009  ; 8.974  ;
; message_addr[9]  ; port_A_addr[11] ; 9.318  ; 9.183  ; 9.251  ; 9.124  ;
; message_addr[9]  ; port_A_addr[12] ; 9.065  ; 9.001  ; 9.033  ; 8.934  ;
; message_addr[9]  ; port_A_addr[13] ; 10.812 ; 10.680 ; 10.745 ; 10.621 ;
; message_addr[9]  ; port_A_addr[14] ; 8.933  ; 8.875  ; 8.901  ; 8.808  ;
; message_addr[9]  ; port_A_addr[15] ; 10.033 ; 9.920  ; 9.966  ; 9.861  ;
; message_addr[10] ; port_A_addr[10] ; 8.945  ; 8.922  ; 8.989  ; 8.959  ;
; message_addr[10] ; port_A_addr[11] ; 9.403  ; 9.268  ; 9.412  ; 9.285  ;
; message_addr[10] ; port_A_addr[12] ; 9.150  ; 9.086  ; 9.194  ; 9.095  ;
; message_addr[10] ; port_A_addr[13] ; 10.897 ; 10.765 ; 10.906 ; 10.782 ;
; message_addr[10] ; port_A_addr[14] ; 9.018  ; 8.960  ; 9.062  ; 8.969  ;
; message_addr[10] ; port_A_addr[15] ; 10.118 ; 10.005 ; 10.127 ; 10.022 ;
; message_addr[11] ; port_A_addr[11] ; 8.493  ; 8.326  ; 8.556  ; 8.389  ;
; message_addr[11] ; port_A_addr[12] ; 8.475  ; 8.411  ; 8.539  ; 8.440  ;
; message_addr[11] ; port_A_addr[13] ; 10.222 ; 10.090 ; 10.251 ; 10.127 ;
; message_addr[11] ; port_A_addr[14] ; 8.343  ; 8.285  ; 8.407  ; 8.314  ;
; message_addr[11] ; port_A_addr[15] ; 9.443  ; 9.330  ; 9.472  ; 9.367  ;
; message_addr[12] ; port_A_addr[12] ; 9.120  ; 9.015  ; 9.158  ; 9.053  ;
; message_addr[12] ; port_A_addr[13] ; 11.005 ; 10.873 ; 11.009 ; 10.885 ;
; message_addr[12] ; port_A_addr[14] ; 9.126  ; 9.068  ; 9.165  ; 9.072  ;
; message_addr[12] ; port_A_addr[15] ; 10.226 ; 10.113 ; 10.230 ; 10.125 ;
; message_addr[13] ; port_A_addr[13] ; 10.413 ; 10.267 ; 10.319 ; 10.166 ;
; message_addr[13] ; port_A_addr[14] ; 8.763  ; 8.705  ; 8.669  ; 8.576  ;
; message_addr[13] ; port_A_addr[15] ; 9.863  ; 9.750  ; 9.734  ; 9.629  ;
; message_addr[14] ; port_A_addr[14] ; 8.599  ; 8.518  ; 8.515  ; 8.427  ;
; message_addr[14] ; port_A_addr[15] ; 9.880  ; 9.767  ; 9.761  ; 9.656  ;
; message_addr[15] ; port_A_addr[15] ; 9.661  ; 9.534  ; 9.567  ; 9.433  ;
; message_size[0]  ; done            ;        ; 11.228 ; 11.371 ;        ;
; message_size[1]  ; done            ;        ; 11.046 ; 11.165 ;        ;
; message_size[2]  ; done            ;        ; 11.045 ; 11.213 ;        ;
; message_size[3]  ; done            ; 11.514 ; 11.355 ; 11.337 ; 11.289 ;
; message_size[4]  ; done            ; 11.599 ; 11.437 ; 11.439 ; 11.397 ;
; message_size[5]  ; done            ; 10.898 ; 10.494 ; 10.636 ; 10.847 ;
; message_size[6]  ; done            ; 11.019 ; 10.552 ; 10.615 ; 10.858 ;
; message_size[7]  ; done            ; 10.394 ; 10.142 ; 10.343 ; 10.374 ;
; message_size[8]  ; done            ; 11.000 ; 10.883 ; 10.961 ; 10.826 ;
; message_size[9]  ; done            ; 11.069 ; 10.950 ; 10.977 ; 10.839 ;
; message_size[10] ; done            ; 10.413 ; 10.213 ; 10.398 ; 10.226 ;
; message_size[11] ; done            ; 11.345 ; 11.205 ; 11.192 ; 11.063 ;
; message_size[12] ; done            ; 10.472 ; 10.311 ; 10.573 ; 10.367 ;
; message_size[13] ; done            ; 11.013 ; 10.892 ; 10.947 ; 10.802 ;
; message_size[14] ; done            ; 11.125 ; 10.915 ; 11.125 ; 10.910 ;
; message_size[15] ; done            ; 10.689 ; 10.527 ; 10.723 ; 10.507 ;
; message_size[16] ; done            ;        ; 14.164 ; 14.718 ;        ;
; message_size[17] ; done            ;        ; 14.319 ; 14.827 ;        ;
; message_size[18] ; done            ;        ; 14.055 ; 14.674 ;        ;
; message_size[19] ; done            ;        ; 13.831 ; 14.389 ;        ;
; message_size[20] ; done            ;        ; 13.838 ; 14.435 ;        ;
; message_size[21] ; done            ;        ; 10.706 ; 10.939 ;        ;
; message_size[22] ; done            ;        ; 13.291 ; 13.771 ;        ;
; message_size[23] ; done            ;        ; 13.409 ; 13.898 ;        ;
; message_size[24] ; done            ;        ; 13.612 ; 14.051 ;        ;
; message_size[25] ; done            ;        ; 13.124 ; 13.616 ;        ;
; message_size[26] ; done            ;        ; 13.252 ; 13.741 ;        ;
; message_size[27] ; done            ;        ; 11.006 ; 11.191 ;        ;
; message_size[28] ; done            ;        ; 10.982 ; 11.361 ;        ;
; message_size[29] ; done            ;        ; 13.541 ; 14.006 ;        ;
; message_size[30] ; done            ;        ; 11.162 ; 11.527 ;        ;
; message_size[31] ; done            ;        ; 11.262 ; 11.570 ;        ;
; rle_addr[0]      ; port_A_addr[0]  ; 6.456  ;        ;        ; 6.688  ;
; rle_addr[1]      ; port_A_addr[1]  ; 9.127  ;        ;        ; 9.032  ;
; rle_addr[2]      ; port_A_addr[2]  ; 10.616 ; 10.587 ; 10.477 ; 10.441 ;
; rle_addr[2]      ; port_A_addr[3]  ; 9.362  ; 9.377  ; 9.188  ; 9.211  ;
; rle_addr[2]      ; port_A_addr[4]  ; 9.937  ; 9.832  ; 9.798  ; 9.658  ;
; rle_addr[2]      ; port_A_addr[5]  ; 11.229 ; 11.133 ; 11.055 ; 10.967 ;
; rle_addr[2]      ; port_A_addr[6]  ; 10.404 ; 10.386 ; 10.265 ; 10.212 ;
; rle_addr[2]      ; port_A_addr[7]  ; 9.531  ; 9.471  ; 9.357  ; 9.305  ;
; rle_addr[2]      ; port_A_addr[8]  ; 10.845 ; 10.765 ; 10.706 ; 10.591 ;
; rle_addr[2]      ; port_A_addr[9]  ; 9.861  ; 9.728  ; 9.687  ; 9.562  ;
; rle_addr[2]      ; port_A_addr[10] ; 9.823  ; 9.823  ; 9.684  ; 9.649  ;
; rle_addr[2]      ; port_A_addr[11] ; 10.100 ; 9.965  ; 9.926  ; 9.799  ;
; rle_addr[2]      ; port_A_addr[12] ; 9.847  ; 9.783  ; 9.708  ; 9.609  ;
; rle_addr[2]      ; port_A_addr[13] ; 11.594 ; 11.462 ; 11.420 ; 11.296 ;
; rle_addr[2]      ; port_A_addr[14] ; 9.715  ; 9.657  ; 9.576  ; 9.483  ;
; rle_addr[2]      ; port_A_addr[15] ; 10.815 ; 10.702 ; 10.641 ; 10.536 ;
; rle_addr[3]      ; port_A_addr[3]  ; 8.324  ; 8.307  ; 8.283  ; 8.264  ;
; rle_addr[3]      ; port_A_addr[4]  ; 9.235  ; 9.130  ; 9.223  ; 9.083  ;
; rle_addr[3]      ; port_A_addr[5]  ; 10.527 ; 10.431 ; 10.480 ; 10.392 ;
; rle_addr[3]      ; port_A_addr[6]  ; 9.702  ; 9.684  ; 9.690  ; 9.637  ;
; rle_addr[3]      ; port_A_addr[7]  ; 8.829  ; 8.769  ; 8.782  ; 8.730  ;
; rle_addr[3]      ; port_A_addr[8]  ; 10.143 ; 10.063 ; 10.131 ; 10.016 ;
; rle_addr[3]      ; port_A_addr[9]  ; 9.159  ; 9.026  ; 9.112  ; 8.987  ;
; rle_addr[3]      ; port_A_addr[10] ; 9.121  ; 9.121  ; 9.109  ; 9.074  ;
; rle_addr[3]      ; port_A_addr[11] ; 9.398  ; 9.263  ; 9.351  ; 9.224  ;
; rle_addr[3]      ; port_A_addr[12] ; 9.145  ; 9.081  ; 9.133  ; 9.034  ;
; rle_addr[3]      ; port_A_addr[13] ; 10.892 ; 10.760 ; 10.845 ; 10.721 ;
; rle_addr[3]      ; port_A_addr[14] ; 9.013  ; 8.955  ; 9.001  ; 8.908  ;
; rle_addr[3]      ; port_A_addr[15] ; 10.113 ; 10.000 ; 10.066 ; 9.961  ;
; rle_addr[4]      ; port_A_addr[4]  ; 9.682  ; 9.554  ; 9.569  ; 9.434  ;
; rle_addr[4]      ; port_A_addr[5]  ; 11.155 ; 11.059 ; 11.007 ; 10.919 ;
; rle_addr[4]      ; port_A_addr[6]  ; 10.330 ; 10.312 ; 10.217 ; 10.164 ;
; rle_addr[4]      ; port_A_addr[7]  ; 9.457  ; 9.397  ; 9.309  ; 9.257  ;
; rle_addr[4]      ; port_A_addr[8]  ; 10.771 ; 10.691 ; 10.658 ; 10.543 ;
; rle_addr[4]      ; port_A_addr[9]  ; 9.787  ; 9.654  ; 9.639  ; 9.514  ;
; rle_addr[4]      ; port_A_addr[10] ; 9.749  ; 9.749  ; 9.636  ; 9.601  ;
; rle_addr[4]      ; port_A_addr[11] ; 10.026 ; 9.891  ; 9.878  ; 9.751  ;
; rle_addr[4]      ; port_A_addr[12] ; 9.773  ; 9.709  ; 9.660  ; 9.561  ;
; rle_addr[4]      ; port_A_addr[13] ; 11.520 ; 11.388 ; 11.372 ; 11.248 ;
; rle_addr[4]      ; port_A_addr[14] ; 9.641  ; 9.583  ; 9.528  ; 9.435  ;
; rle_addr[4]      ; port_A_addr[15] ; 10.741 ; 10.628 ; 10.593 ; 10.488 ;
; rle_addr[5]      ; port_A_addr[5]  ; 10.382 ; 10.254 ; 10.408 ; 10.278 ;
; rle_addr[5]      ; port_A_addr[6]  ; 9.893  ; 9.875  ; 9.948  ; 9.895  ;
; rle_addr[5]      ; port_A_addr[7]  ; 9.020  ; 8.960  ; 9.040  ; 8.988  ;
; rle_addr[5]      ; port_A_addr[8]  ; 10.334 ; 10.254 ; 10.389 ; 10.274 ;
; rle_addr[5]      ; port_A_addr[9]  ; 9.350  ; 9.217  ; 9.370  ; 9.245  ;
; rle_addr[5]      ; port_A_addr[10] ; 9.312  ; 9.312  ; 9.367  ; 9.332  ;
; rle_addr[5]      ; port_A_addr[11] ; 9.589  ; 9.454  ; 9.609  ; 9.482  ;
; rle_addr[5]      ; port_A_addr[12] ; 9.336  ; 9.272  ; 9.391  ; 9.292  ;
; rle_addr[5]      ; port_A_addr[13] ; 11.083 ; 10.951 ; 11.103 ; 10.979 ;
; rle_addr[5]      ; port_A_addr[14] ; 9.204  ; 9.146  ; 9.259  ; 9.166  ;
; rle_addr[5]      ; port_A_addr[15] ; 10.304 ; 10.191 ; 10.324 ; 10.219 ;
; rle_addr[6]      ; port_A_addr[6]  ; 10.243 ; 10.202 ; 10.148 ; 10.100 ;
; rle_addr[6]      ; port_A_addr[7]  ; 9.551  ; 9.491  ; 9.421  ; 9.369  ;
; rle_addr[6]      ; port_A_addr[8]  ; 10.865 ; 10.785 ; 10.770 ; 10.655 ;
; rle_addr[6]      ; port_A_addr[9]  ; 9.881  ; 9.748  ; 9.751  ; 9.626  ;
; rle_addr[6]      ; port_A_addr[10] ; 9.843  ; 9.843  ; 9.748  ; 9.713  ;
; rle_addr[6]      ; port_A_addr[11] ; 10.120 ; 9.985  ; 9.990  ; 9.863  ;
; rle_addr[6]      ; port_A_addr[12] ; 9.867  ; 9.803  ; 9.772  ; 9.673  ;
; rle_addr[6]      ; port_A_addr[13] ; 11.614 ; 11.482 ; 11.484 ; 11.360 ;
; rle_addr[6]      ; port_A_addr[14] ; 9.735  ; 9.677  ; 9.640  ; 9.547  ;
; rle_addr[6]      ; port_A_addr[15] ; 10.835 ; 10.722 ; 10.705 ; 10.600 ;
; rle_addr[7]      ; port_A_addr[7]  ; 8.641  ; 8.549  ; 8.654  ; 8.560  ;
; rle_addr[7]      ; port_A_addr[8]  ; 10.291 ; 10.211 ; 10.333 ; 10.218 ;
; rle_addr[7]      ; port_A_addr[9]  ; 9.307  ; 9.174  ; 9.314  ; 9.189  ;
; rle_addr[7]      ; port_A_addr[10] ; 9.269  ; 9.269  ; 9.311  ; 9.276  ;
; rle_addr[7]      ; port_A_addr[11] ; 9.546  ; 9.411  ; 9.553  ; 9.426  ;
; rle_addr[7]      ; port_A_addr[12] ; 9.293  ; 9.229  ; 9.335  ; 9.236  ;
; rle_addr[7]      ; port_A_addr[13] ; 11.040 ; 10.908 ; 11.047 ; 10.923 ;
; rle_addr[7]      ; port_A_addr[14] ; 9.161  ; 9.103  ; 9.203  ; 9.110  ;
; rle_addr[7]      ; port_A_addr[15] ; 10.261 ; 10.148 ; 10.268 ; 10.163 ;
; rle_addr[8]      ; port_A_addr[8]  ; 10.393 ; 10.290 ; 10.307 ; 10.197 ;
; rle_addr[8]      ; port_A_addr[9]  ; 9.590  ; 9.457  ; 9.469  ; 9.344  ;
; rle_addr[8]      ; port_A_addr[10] ; 9.552  ; 9.552  ; 9.466  ; 9.431  ;
; rle_addr[8]      ; port_A_addr[11] ; 9.829  ; 9.694  ; 9.708  ; 9.581  ;
; rle_addr[8]      ; port_A_addr[12] ; 9.576  ; 9.512  ; 9.490  ; 9.391  ;
; rle_addr[8]      ; port_A_addr[13] ; 11.323 ; 11.191 ; 11.202 ; 11.078 ;
; rle_addr[8]      ; port_A_addr[14] ; 9.444  ; 9.386  ; 9.358  ; 9.265  ;
; rle_addr[8]      ; port_A_addr[15] ; 10.544 ; 10.431 ; 10.423 ; 10.318 ;
; rle_addr[9]      ; port_A_addr[9]  ; 8.501  ; 8.336  ; 8.417  ; 8.252  ;
; rle_addr[9]      ; port_A_addr[10] ; 8.793  ; 8.793  ; 8.748  ; 8.713  ;
; rle_addr[9]      ; port_A_addr[11] ; 9.070  ; 8.935  ; 8.990  ; 8.863  ;
; rle_addr[9]      ; port_A_addr[12] ; 8.817  ; 8.753  ; 8.772  ; 8.673  ;
; rle_addr[9]      ; port_A_addr[13] ; 10.564 ; 10.432 ; 10.484 ; 10.360 ;
; rle_addr[9]      ; port_A_addr[14] ; 8.685  ; 8.627  ; 8.640  ; 8.547  ;
; rle_addr[9]      ; port_A_addr[15] ; 9.785  ; 9.672  ; 9.705  ; 9.600  ;
; rle_addr[10]     ; port_A_addr[10] ; 9.313  ; 9.290  ; 9.332  ; 9.302  ;
; rle_addr[10]     ; port_A_addr[11] ; 9.771  ; 9.636  ; 9.755  ; 9.628  ;
; rle_addr[10]     ; port_A_addr[12] ; 9.518  ; 9.454  ; 9.537  ; 9.438  ;
; rle_addr[10]     ; port_A_addr[13] ; 11.265 ; 11.133 ; 11.249 ; 11.125 ;
; rle_addr[10]     ; port_A_addr[14] ; 9.386  ; 9.328  ; 9.405  ; 9.312  ;
; rle_addr[10]     ; port_A_addr[15] ; 10.486 ; 10.373 ; 10.470 ; 10.365 ;
; rle_addr[11]     ; port_A_addr[11] ; 8.733  ; 8.566  ; 8.695  ; 8.526  ;
; rle_addr[11]     ; port_A_addr[12] ; 8.883  ; 8.819  ; 8.868  ; 8.769  ;
; rle_addr[11]     ; port_A_addr[13] ; 10.630 ; 10.498 ; 10.580 ; 10.456 ;
; rle_addr[11]     ; port_A_addr[14] ; 8.751  ; 8.693  ; 8.736  ; 8.643  ;
; rle_addr[11]     ; port_A_addr[15] ; 9.851  ; 9.738  ; 9.801  ; 9.696  ;
; rle_addr[12]     ; port_A_addr[12] ; 8.731  ; 8.626  ; 8.711  ; 8.606  ;
; rle_addr[12]     ; port_A_addr[13] ; 10.616 ; 10.484 ; 10.562 ; 10.438 ;
; rle_addr[12]     ; port_A_addr[14] ; 8.737  ; 8.679  ; 8.718  ; 8.625  ;
; rle_addr[12]     ; port_A_addr[15] ; 9.837  ; 9.724  ; 9.783  ; 9.678  ;
; rle_addr[13]     ; port_A_addr[13] ; 10.326 ; 10.162 ; 10.253 ; 10.089 ;
; rle_addr[13]     ; port_A_addr[14] ; 8.777  ; 8.719  ; 8.743  ; 8.650  ;
; rle_addr[13]     ; port_A_addr[15] ; 9.877  ; 9.764  ; 9.808  ; 9.703  ;
; rle_addr[14]     ; port_A_addr[14] ; 9.683  ; 9.602  ; 9.511  ; 9.423  ;
; rle_addr[14]     ; port_A_addr[15] ; 10.964 ; 10.851 ; 10.757 ; 10.652 ;
; rle_addr[15]     ; port_A_addr[15] ; 9.663  ; 9.518  ; 9.586  ; 9.441  ;
+------------------+-----------------+--------+--------+--------+--------+


----------------------------------------------
; Slow 900mV -40C Model Metastability Report ;
----------------------------------------------
No synchronizer chains to report.


