Flow report for rle
Thu May 08 12:57:13 2014
Quartus II 64-Bit Version 13.1.0 Build 162 10/23/2013 SJ Web Edition


---------------------
; Table of Contents ;
---------------------
  1. Legal Notice
  2. Flow Summary
  3. Flow Settings
  4. Flow Non-Default Global Settings
  5. Flow Elapsed Time
  6. Flow OS Summary
  7. Flow Log
  8. Flow Messages
  9. Flow Suppressed Messages



----------------
; Legal Notice ;
----------------
Copyright (C) 1991-2013 Altera Corporation
Your use of Altera Corporation's design tools, logic functions 
and other software and tools, and its AMPP partner logic 
functions, and any output files from any of the foregoing 
(including device programming or simulation files), and any 
associated documentation or information are expressly subject 
to the terms and conditions of the Altera Program License 
Subscription Agreement, Altera MegaCore Function License 
Agreement, or other applicable license agreement, including, 
without limitation, that your use is for the sole purpose of 
programming logic devices manufactured by Altera and sold by 
Altera or its authorized distributors.  Please refer to the 
applicable agreement for further details.



+--------------------------------------------------------------------------------+
; Flow Summary                                                                   ;
+-----------------------------------+--------------------------------------------+
; Flow Status                       ; Successful - Thu May 08 12:57:03 2014      ;
; Quartus II 64-Bit Version         ; 13.1.0 Build 162 10/23/2013 SJ Web Edition ;
; Revision Name                     ; rle                                        ;
; Top-level Entity Name             ; rle                                        ;
; Family                            ; Arria II GX                                ;
; Device                            ; EP2AGX45DF29I5                             ;
; Timing Models                     ; Final                                      ;
; Logic utilization                 ; 4 %                                        ;
;     Combinational ALUTs           ; 1,019 / 36,100 ( 3 % )                     ;
;     Memory ALUTs                  ; 0 / 18,050 ( 0 % )                         ;
;     Dedicated logic registers     ; 165 / 36,100 ( < 1 % )                     ;
; Total registers                   ; 165                                        ;
; Total pins                        ; 214 / 404 ( 53 % )                         ;
; Total virtual pins                ; 0                                          ;
; Total block memory bits           ; 0 / 2,939,904 ( 0 % )                      ;
; DSP block 18-bit elements         ; 0 / 232 ( 0 % )                            ;
; Total GXB Receiver Channel PCS    ; 0 / 8 ( 0 % )                              ;
; Total GXB Receiver Channel PMA    ; 0 / 8 ( 0 % )                              ;
; Total GXB Transmitter Channel PCS ; 0 / 8 ( 0 % )                              ;
; Total GXB Transmitter Channel PMA ; 0 / 8 ( 0 % )                              ;
; Total PLLs                        ; 0 / 4 ( 0 % )                              ;
; Total DLLs                        ; 0 / 2 ( 0 % )                              ;
+-----------------------------------+--------------------------------------------+


+-----------------------------------------+
; Flow Settings                           ;
+-------------------+---------------------+
; Option            ; Setting             ;
+-------------------+---------------------+
; Start date & time ; 05/08/2014 12:55:30 ;
; Main task         ; Compilation         ;
; Revision Name     ; rle                 ;
+-------------------+---------------------+


+-----------------------------------------------------------------------------------------------------------------------------+
; Flow Non-Default Global Settings                                                                                            ;
+----------------------------------------------+-------------------------------+---------------+-------------+----------------+
; Assignment Name                              ; Value                         ; Default Value ; Entity Name ; Section Id     ;
+----------------------------------------------+-------------------------------+---------------+-------------+----------------+
; ADV_NETLIST_OPT_SYNTH_WYSIWYG_REMAP          ; On                            ; Off           ; --          ; --             ;
; AUTO_PACKED_REGISTERS_STRATIXII              ; Normal                        ; Auto          ; --          ; --             ;
; COMPILER_SIGNATURE_ID                        ; 1097689140416.139957893007264 ; --            ; --          ; --             ;
; EDA_OUTPUT_DATA_FORMAT                       ; Verilog Hdl                   ; --            ; --          ; eda_simulation ;
; EDA_SIMULATION_TOOL                          ; ModelSim-Altera (Verilog)     ; <None>        ; --          ; --             ;
; ENABLE_DRC_SETTINGS                          ; On                            ; Off           ; --          ; --             ;
; FITTER_EFFORT                                ; Standard Fit                  ; Auto Fit      ; --          ; --             ;
; MAX_CORE_JUNCTION_TEMP                       ; 100                           ; --            ; --          ; --             ;
; MIN_CORE_JUNCTION_TEMP                       ; -40                           ; --            ; --          ; --             ;
; MUX_RESTRUCTURE                              ; Off                           ; Auto          ; --          ; --             ;
; OPTIMIZATION_TECHNIQUE                       ; Speed                         ; Balanced      ; --          ; --             ;
; PARTITION_COLOR                              ; 16764057                      ; --            ; --          ; Top            ;
; PARTITION_FITTER_PRESERVATION_LEVEL          ; PLACEMENT_AND_ROUTING         ; --            ; --          ; Top            ;
; PARTITION_NETLIST_TYPE                       ; SOURCE                        ; --            ; --          ; Top            ;
; PHYSICAL_SYNTHESIS_COMBO_LOGIC               ; On                            ; Off           ; --          ; --             ;
; PHYSICAL_SYNTHESIS_REGISTER_DUPLICATION      ; On                            ; Off           ; --          ; --             ;
; PHYSICAL_SYNTHESIS_REGISTER_RETIMING         ; On                            ; Off           ; --          ; --             ;
; PROJECT_OUTPUT_DIRECTORY                     ; output_files                  ; --            ; --          ; --             ;
; ROUTER_CLOCKING_TOPOLOGY_ANALYSIS            ; On                            ; Off           ; --          ; --             ;
; ROUTER_LCELL_INSERTION_AND_LOGIC_DUPLICATION ; On                            ; Auto          ; --          ; --             ;
; ROUTER_TIMING_OPTIMIZATION_LEVEL             ; MAXIMUM                       ; Normal        ; --          ; --             ;
; SMART_RECOMPILE                              ; On                            ; Off           ; --          ; --             ;
+----------------------------------------------+-------------------------------+---------------+-------------+----------------+


+-------------------------------------------------------------------------------------------------------------------------------+
; Flow Elapsed Time                                                                                                             ;
+---------------------------+--------------+-------------------------+---------------------+------------------------------------+
; Module Name               ; Elapsed Time ; Average Processors Used ; Peak Virtual Memory ; Total CPU Time (on all processors) ;
+---------------------------+--------------+-------------------------+---------------------+------------------------------------+
; Analysis & Synthesis      ; 00:00:15     ; 1.0                     ; 636 MB              ; 00:00:15                           ;
; Fitter                    ; 00:01:16     ; 1.0                     ; 1070 MB             ; 00:01:15                           ;
; TimeQuest Timing Analyzer ; 00:00:08     ; 1.0                     ; 625 MB              ; 00:00:07                           ;
; Total                     ; 00:01:39     ; --                      ; --                  ; 00:01:37                           ;
+---------------------------+--------------+-------------------------+---------------------+------------------------------------+


+----------------------------------------------------------------------------------------+
; Flow OS Summary                                                                        ;
+---------------------------+------------------+-----------+------------+----------------+
; Module Name               ; Machine Hostname ; OS Name   ; OS Version ; Processor type ;
+---------------------------+------------------+-----------+------------+----------------+
; Analysis & Synthesis      ; Richard-PC       ; Windows 7 ; 6.1        ; x86_64         ;
; Fitter                    ; Richard-PC       ; Windows 7 ; 6.1        ; x86_64         ;
; TimeQuest Timing Analyzer ; Richard-PC       ; Windows 7 ; 6.1        ; x86_64         ;
+---------------------------+------------------+-----------+------------+----------------+


------------
; Flow Log ;
------------
quartus_map --read_settings_files=on --write_settings_files=off rle -c rle
quartus_fit --read_settings_files=off --write_settings_files=off rle -c rle
quartus_sta rle -c rle



